Jul 15, 2024 10:05:20 AM UTC: Starting User Sync
Jul 15, 2024 10:05:20 AM UTC:     Synced User- started
Jul 15, 2024 10:05:21 AM UTC: getUsersFromLDAP users count- 786 took- 413 ms
Jul 15, 2024 10:05:21 AM UTC:     Synced User- total faUsers: 786
Jul 15, 2024 10:05:21 AM UTC: LDAPUserSyncCounter created
Jul 15, 2024 10:05:26 AM UTC: Number of users returned from ldap: 786
Jul 15, 2024 10:05:26 AM UTC: Inactivating users not found in IdentityStore
Jul 15, 2024 10:05:26 AM UTC: Setting ACTIVE_FLAG: userguid 'ANONYMOUS_USER_GUID' not in ldapGuidListuser.  Exception: 506
Jul 15, 2024 10:05:26 AM UTC:   InActivating User 100000000346424
Jul 15, 2024 10:05:28 AM UTC: User Sync Ended: New User Count = 0, Updated User Count =1
Jul 15, 2024 10:05:28 AM UTC: Starting Roles Sync
Jul 15, 2024 10:05:45 AM UTC: Number of roles returned from Policy Store: 458
Jul 15, 2024 10:05:46 AM UTC: Role Sync Ended: New Role Count = 0, Updated Role Count =0
Jul 15, 2024 10:05:46 AM UTC: Starting Role User (Granted Roles) Sync
Jul 15, 2024 10:05:46 AM UTC:   Inactivating memberships that have no Role in FA ... 
Jul 15, 2024 10:05:46 AM UTC:     0 inactivated
Jul 15, 2024 10:05:46 AM UTC:   Inactivating memberships that have no active User in FA ...
Jul 15, 2024 10:05:46 AM UTC:     0 inactivated
Jul 15, 2024 10:05:47 AM UTC:   Synchronizing memberships for ORA_FND_IT_SECURITY_MANAGER_JOB ...
Jul 15, 2024 10:05:47 AM UTC:     FA -> PS : 36 -> 36
Jul 15, 2024 10:05:47 AM UTC:     PS -> FA : 36 -> 36
Jul 15, 2024 10:05:47 AM UTC:   Synchronizing memberships for ORA_FND_DIAG_ADMINISTRATOR_JOB ...
Jul 15, 2024 10:05:47 AM UTC:     FA -> PS : 9 -> 9
Jul 15, 2024 10:05:47 AM UTC:     PS -> FA : 9 -> 9
Jul 15, 2024 10:05:47 AM UTC:   Synchronizing memberships for ORA_FND_DIAG_REGULAR_USER_JOB ...
Jul 15, 2024 10:05:47 AM UTC:     FA -> PS : 1 -> 1
Jul 15, 2024 10:05:47 AM UTC:     PS -> FA : 1 -> 1
Jul 15, 2024 10:05:47 AM UTC:   Synchronizing memberships for ORA_EGP_PRODUCT_MANAGER_JOB ...
Jul 15, 2024 10:05:47 AM UTC:     FA -> PS : 29 -> 29
Jul 15, 2024 10:05:47 AM UTC:     PS -> FA : 29 -> 29
Jul 15, 2024 10:05:47 AM UTC:   Synchronizing memberships for ORA_PSC_FINANCE_ADMIN_JOB ...
Jul 15, 2024 10:05:47 AM UTC:     FA -> PS : 0 -> 0
Jul 15, 2024 10:05:47 AM UTC:     PS -> FA : 0 -> 0
Jul 15, 2024 10:05:47 AM UTC:   Synchronizing memberships for ORA_CMF_RECEIVING_SPECIALIST_JOB ...
Jul 15, 2024 10:05:47 AM UTC:     FA -> PS : 3 -> 3
Jul 15, 2024 10:05:47 AM UTC:     PS -> FA : 3 -> 3
Jul 15, 2024 10:05:47 AM UTC:   Synchronizing memberships for ORA_FND_AUTHENTICATED_USER_ABSTRACT ...
Jul 15, 2024 10:05:47 AM UTC:     FA -> PS : 0 -> 0
Jul 15, 2024 10:05:47 AM UTC:     PS -> FA : 0 -> 0
Jul 15, 2024 10:05:47 AM UTC:   Synchronizing memberships for ORA_CMP_COMPENSATION_APPROVER_ABSTRACT ...
Jul 15, 2024 10:05:47 AM UTC:     FA -> PS : 0 -> 0
Jul 15, 2024 10:05:47 AM UTC:     PS -> FA : 0 -> 0
Jul 15, 2024 10:05:47 AM UTC:   Synchronizing memberships for ORA_PSC_CODE_ENFORCEMENT_TECHNICIAN_JOB ...
Jul 15, 2024 10:05:47 AM UTC:     FA -> PS : 0 -> 0
Jul 15, 2024 10:05:47 AM UTC:     PS -> FA : 0 -> 0
Jul 15, 2024 10:05:47 AM UTC:   Synchronizing memberships for ORA_PER_POWER_RECRUITER_ABSTRACT ...
Jul 15, 2024 10:05:47 AM UTC:     FA -> PS : 0 -> 0
Jul 15, 2024 10:05:47 AM UTC:     PS -> FA : 0 -> 0
Jul 15, 2024 10:05:47 AM UTC:   Synchronizing memberships for ORA_MKT_MARKETING_MANAGER_JOB ...
Jul 15, 2024 10:05:47 AM UTC:     FA -> PS : 0 -> 0
Jul 15, 2024 10:05:47 AM UTC:     PS -> FA : 0 -> 0
Jul 15, 2024 10:05:47 AM UTC:   Synchronizing memberships for ORA_EXM_EXPENSE_AUDIT_MANAGER_JOB ...
Jul 15, 2024 10:05:47 AM UTC:     FA -> PS : 2 -> 2
Jul 15, 2024 10:05:47 AM UTC:     PS -> FA : 2 -> 2
Jul 15, 2024 10:05:47 AM UTC:   Synchronizing memberships for ORA_HEY_HIGHER_EDUCATION_APPLICATION_ADMINISTRATOR_JOB ...
Jul 15, 2024 10:05:47 AM UTC:     FA -> PS : 0 -> 0
Jul 15, 2024 10:05:47 AM UTC:     PS -> FA : 0 -> 0
Jul 15, 2024 10:05:47 AM UTC:   Synchronizing memberships for ORA_FOS_SUPPLY_CHAIN_CONTROLLER_JOB ...
Jul 15, 2024 10:05:47 AM UTC:     FA -> PS : 28 -> 28
Jul 15, 2024 10:05:47 AM UTC:     PS -> FA : 28 -> 28
Jul 15, 2024 10:05:47 AM UTC:   Synchronizing memberships for ORA_AR_ACCOUNTS_RECEIVABLE_SPECIALIST_JOB ...
Jul 15, 2024 10:05:47 AM UTC:     FA -> PS : 24 -> 24
Jul 15, 2024 10:05:47 AM UTC:     PS -> FA : 24 -> 24
Jul 15, 2024 10:05:47 AM UTC:   Synchronizing memberships for ORA_HXT_TIME_AND_LABOR_MANAGER_JOB ...
Jul 15, 2024 10:05:47 AM UTC:     FA -> PS : 0 -> 0
Jul 15, 2024 10:05:47 AM UTC:     PS -> FA : 0 -> 0
Jul 15, 2024 10:05:47 AM UTC:   Synchronizing memberships for ORA_FND_APPLICATION_DEVELOPER_JOB ...
Jul 15, 2024 10:05:47 AM UTC:     FA -> PS : 3 -> 3
Jul 15, 2024 10:05:47 AM UTC:     PS -> FA : 3 -> 3
Jul 15, 2024 10:05:47 AM UTC:   Synchronizing memberships for ORA_OKC_ENTERPRISE_CONTRACT_MANAGER_JOB ...
Jul 15, 2024 10:05:47 AM UTC:     FA -> PS : 0 -> 0
Jul 15, 2024 10:05:47 AM UTC:     PS -> FA : 0 -> 0
Jul 15, 2024 10:05:47 AM UTC:   Synchronizing memberships for ORA_HEY_STUDENT_JOB ...
Jul 15, 2024 10:05:47 AM UTC:     FA -> PS : 0 -> 0
Jul 15, 2024 10:05:47 AM UTC:     PS -> FA : 0 -> 0
Jul 15, 2024 10:05:47 AM UTC:   Synchronizing memberships for ORA_ZSP_SALES_ANALYST_JOB ...
Jul 15, 2024 10:05:47 AM UTC:     FA -> PS : 1 -> 1
Jul 15, 2024 10:05:47 AM UTC:     PS -> FA : 1 -> 1
Jul 15, 2024 10:05:47 AM UTC:   Synchronizing memberships for ORA_ZBS_SALES_READ_ONLY_JOB ...
Jul 15, 2024 10:05:47 AM UTC:     FA -> PS : 1 -> 1
Jul 15, 2024 10:05:47 AM UTC:     PS -> FA : 1 -> 1
Jul 15, 2024 10:05:47 AM UTC:   Synchronizing memberships for ORA_IRC_EMPLOYEE_CAMPAIGN_ADMINISTRATOR_JOB ...
Jul 15, 2024 10:05:47 AM UTC:     FA -> PS : 0 -> 0
Jul 15, 2024 10:05:47 AM UTC:     PS -> FA : 0 -> 0
Jul 15, 2024 10:05:47 AM UTC:   Synchronizing memberships for ORA_ASM_APPLICATION_IMPLEMENTATION_CONSULTANT_JOB ...
Jul 15, 2024 10:05:48 AM UTC:     FA -> PS : 57 -> 57
Jul 15, 2024 10:05:48 AM UTC:     PS -> FA : 57 -> 57
Jul 15, 2024 10:05:48 AM UTC:   Synchronizing memberships for ORA_SVC_INTERNAL_HELP_DESK_ADMINISTRATOR_JOB ...
Jul 15, 2024 10:05:48 AM UTC:     FA -> PS : 0 -> 0
Jul 15, 2024 10:05:48 AM UTC:     PS -> FA : 0 -> 0
Jul 15, 2024 10:05:48 AM UTC:   Synchronizing memberships for ORA_UER_UTILITIES_CUSTOMER_SERVICE_USER_SYNCHRONIZATION_JOB ...
Jul 15, 2024 10:05:48 AM UTC:     FA -> PS : 0 -> 0
Jul 15, 2024 10:05:48 AM UTC:     PS -> FA : 0 -> 0
Jul 15, 2024 10:05:48 AM UTC:   Synchronizing memberships for ORA_POQ_SUPPLIER_QUALIFICATION_DISCRETIONARY ...
Jul 15, 2024 10:05:48 AM UTC:     FA -> PS : 0 -> 0
Jul 15, 2024 10:05:48 AM UTC:     PS -> FA : 0 -> 0
Jul 15, 2024 10:05:48 AM UTC:   Synchronizing memberships for ORA_AR_BILLING_MANAGER_JOB ...
Jul 15, 2024 10:05:48 AM UTC:     FA -> PS : 2 -> 2
Jul 15, 2024 10:05:48 AM UTC:     PS -> FA : 2 -> 2
Jul 15, 2024 10:05:48 AM UTC:   Synchronizing memberships for ORA_PSC_BUILDING_INSPECTOR_JOB ...
Jul 15, 2024 10:05:48 AM UTC:     FA -> PS : 0 -> 0
Jul 15, 2024 10:05:48 AM UTC:     PS -> FA : 0 -> 0
Jul 15, 2024 10:05:48 AM UTC:   Synchronizing memberships for ORA_FUN_FINANCIAL_APPLICATION_ADMINISTRATOR_JOB ...
Jul 15, 2024 10:05:48 AM UTC:     FA -> PS : 6 -> 6
Jul 15, 2024 10:05:48 AM UTC:     PS -> FA : 6 -> 6
Jul 15, 2024 10:05:48 AM UTC:   Synchronizing memberships for ORA_VCS_SUPPLY_CHAIN_COLLABORATION_PLANNER_JOB ...
Jul 15, 2024 10:05:48 AM UTC:     FA -> PS : 24 -> 24
Jul 15, 2024 10:05:48 AM UTC:     PS -> FA : 24 -> 24
Jul 15, 2024 10:05:48 AM UTC:   Synchronizing memberships for ORA_MKT_CORPORATE_MARKETING_MANAGER_JOB ...
Jul 15, 2024 10:05:48 AM UTC:     FA -> PS : 0 -> 0
Jul 15, 2024 10:05:48 AM UTC:     PS -> FA : 0 -> 0
Jul 15, 2024 10:05:48 AM UTC:   Synchronizing memberships for ORA_FA_ASSET_ACCOUNTANT_JOB ...
Jul 15, 2024 10:05:48 AM UTC:     FA -> PS : 14 -> 14
Jul 15, 2024 10:05:48 AM UTC:     PS -> FA : 14 -> 14
Jul 15, 2024 10:05:48 AM UTC:   Synchronizing memberships for ORA_UER_UTILITIES_CUSTOMER_SERVICE_ADMINISTRATOR_JOB ...
Jul 15, 2024 10:05:48 AM UTC:     FA -> PS : 0 -> 0
Jul 15, 2024 10:05:48 AM UTC:     PS -> FA : 0 -> 0
Jul 15, 2024 10:05:48 AM UTC:   Synchronizing memberships for ORA_EGS_SUPPLIER_PRODUCT_ADMINISTRATOR_JOB ...
Jul 15, 2024 10:05:48 AM UTC:     FA -> PS : 0 -> 0
Jul 15, 2024 10:05:48 AM UTC:     PS -> FA : 0 -> 0
Jul 15, 2024 10:05:48 AM UTC:   Synchronizing memberships for ORA_CSO_KNOWLEDGE_AUTHOR_HCM_JOB ...
Jul 15, 2024 10:05:48 AM UTC:     FA -> PS : 0 -> 0
Jul 15, 2024 10:05:48 AM UTC:     PS -> FA : 0 -> 0
Jul 15, 2024 10:05:48 AM UTC:   Synchronizing memberships for ORA_ZX_TAX_ACCOUNTANT_JOB ...
Jul 15, 2024 10:05:48 AM UTC:     FA -> PS : 3 -> 3
Jul 15, 2024 10:05:48 AM UTC:     PS -> FA : 3 -> 3
Jul 15, 2024 10:05:48 AM UTC:   Synchronizing memberships for ORA_POZ_SUPPLIER_ADMINISTRATOR_ABSTRACT ...
Jul 15, 2024 10:05:48 AM UTC:     FA -> PS : 7 -> 7
Jul 15, 2024 10:05:48 AM UTC:     PS -> FA : 7 -> 7
Jul 15, 2024 10:05:48 AM UTC:   Synchronizing memberships for ORA_MSC_DEMAND_PLANNER_JOB ...
Jul 15, 2024 10:05:48 AM UTC:     FA -> PS : 0 -> 0
Jul 15, 2024 10:05:48 AM UTC:     PS -> FA : 0 -> 0
Jul 15, 2024 10:05:48 AM UTC:   Synchronizing memberships for ORA_ZPM_CHANNEL_SALES_MANAGER_JOB ...
Jul 15, 2024 10:05:48 AM UTC:     FA -> PS : 0 -> 0
Jul 15, 2024 10:05:48 AM UTC:     PS -> FA : 0 -> 0
Jul 15, 2024 10:05:48 AM UTC:   Synchronizing memberships for CUSTOM_PSC_APPLY_BL ...
Jul 15, 2024 10:05:48 AM UTC:     FA -> PS : 0 -> 0
Jul 15, 2024 10:05:48 AM UTC:     PS -> FA : 0 -> 0
Jul 15, 2024 10:05:48 AM UTC:   Synchronizing memberships for ORA_OKC_ENTERPRISE_CONTRACT_ADMINISTRATOR_JOB ...
Jul 15, 2024 10:05:48 AM UTC:     FA -> PS : 0 -> 0
Jul 15, 2024 10:05:48 AM UTC:     PS -> FA : 0 -> 0
Jul 15, 2024 10:05:48 AM UTC:   Synchronizing memberships for ORA_MKT_MARKETING_APPROVER_ABSTRACT ...
Jul 15, 2024 10:05:48 AM UTC:     FA -> PS : 0 -> 0
Jul 15, 2024 10:05:48 AM UTC:     PS -> FA : 0 -> 0
Jul 15, 2024 10:05:48 AM UTC:   Synchronizing memberships for ORA_ZCH_DATA_STEWARD_MANAGER_JOB ...
Jul 15, 2024 10:05:48 AM UTC:     FA -> PS : 0 -> 0
Jul 15, 2024 10:05:48 AM UTC:     PS -> FA : 0 -> 0
Jul 15, 2024 10:05:48 AM UTC:   Synchronizing memberships for ORA_HNS_ENVIRONMENT_HEALTH_AND_SAFETY_MANAGER_JOB ...
Jul 15, 2024 10:05:48 AM UTC:     FA -> PS : 0 -> 0
Jul 15, 2024 10:05:48 AM UTC:     PS -> FA : 0 -> 0
Jul 15, 2024 10:05:48 AM UTC:   Synchronizing memberships for ORA_ATC_COMMUNICATIONS_CUSTOMER_SERVICE_MANAGER_JOB ...
Jul 15, 2024 10:05:48 AM UTC:     FA -> PS : 0 -> 0
Jul 15, 2024 10:05:48 AM UTC:     PS -> FA : 0 -> 0
Jul 15, 2024 10:05:48 AM UTC:   Synchronizing memberships for ORA_SVC_CASE_WORKER_JOB ...
Jul 15, 2024 10:05:48 AM UTC:     FA -> PS : 0 -> 0
Jul 15, 2024 10:05:48 AM UTC:     PS -> FA : 0 -> 0
Jul 15, 2024 10:05:48 AM UTC:   Synchronizing memberships for ORA_ATC_COMMUNICATIONS_CUSTOMER_SELF_SERVICE_VIEWER_PROXY_USER_ABSTRACT ...
Jul 15, 2024 10:05:48 AM UTC:     FA -> PS : 0 -> 0
Jul 15, 2024 10:05:48 AM UTC:     PS -> FA : 0 -> 0
Jul 15, 2024 10:05:48 AM UTC:   Synchronizing memberships for ORA_ZCA_CUSTOMER_RELATIONSHIP_MANAGEMENT_APPLICATION_ADMINISTRATOR_JOB ...
Jul 15, 2024 10:05:48 AM UTC:     FA -> PS : 0 -> 0
Jul 15, 2024 10:05:48 AM UTC:     PS -> FA : 0 -> 0
Jul 15, 2024 10:05:48 AM UTC:   Synchronizing memberships for ORA_CSS_CUSTOMER_SELF_SERVICE_APPLICATION_DEVELOPER_JOB ...
Jul 15, 2024 10:05:48 AM UTC:     FA -> PS : 0 -> 0
Jul 15, 2024 10:05:48 AM UTC:     PS -> FA : 0 -> 0
Jul 15, 2024 10:05:48 AM UTC:   Synchronizing memberships for CUSTOM_PSC_MANAGE_PERMITS ...
Jul 15, 2024 10:05:48 AM UTC:     FA -> PS : 0 -> 0
Jul 15, 2024 10:05:48 AM UTC:     PS -> FA : 0 -> 0
Jul 15, 2024 10:05:48 AM UTC:   Synchronizing memberships for ORA_FV_FEDERAL_SYSTEM_FOR_AWARD_MANAGEMENT_ADMINISTRATOR_JOB ...
Jul 15, 2024 10:05:48 AM UTC:     FA -> PS : 0 -> 0
Jul 15, 2024 10:05:48 AM UTC:     PS -> FA : 0 -> 0
Jul 15, 2024 10:05:48 AM UTC:   Synchronizing memberships for ORA_POS_SUPPLIER_DEMAND_PLANNER_JOB ...
Jul 15, 2024 10:05:48 AM UTC:     FA -> PS : 0 -> 0
Jul 15, 2024 10:05:48 AM UTC:     PS -> FA : 0 -> 0
Jul 15, 2024 10:05:48 AM UTC:   Synchronizing memberships for ORA_MSC_REPLENISHMENT_PLANNER_JOB ...
Jul 15, 2024 10:05:48 AM UTC:     FA -> PS : 0 -> 0
Jul 15, 2024 10:05:48 AM UTC:     PS -> FA : 0 -> 0
Jul 15, 2024 10:05:48 AM UTC:   Synchronizing memberships for ORA_PSC_CASHIER_JOB ...
Jul 15, 2024 10:05:48 AM UTC:     FA -> PS : 0 -> 0
Jul 15, 2024 10:05:48 AM UTC:     PS -> FA : 0 -> 0
Jul 15, 2024 10:05:48 AM UTC:   Synchronizing memberships for ORA_PSC_BUSINESS_LICENSE_INSPECTOR_JOB ...
Jul 15, 2024 10:05:48 AM UTC:     FA -> PS : 0 -> 0
Jul 15, 2024 10:05:48 AM UTC:     PS -> FA : 0 -> 0
Jul 15, 2024 10:05:48 AM UTC:   Synchronizing memberships for ORA_DOO_ORDER_ADMINISTRATOR_JOB ...
Jul 15, 2024 10:05:48 AM UTC:     FA -> PS : 41 -> 41
Jul 15, 2024 10:05:48 AM UTC:     PS -> FA : 41 -> 41
Jul 15, 2024 10:05:48 AM UTC:   Synchronizing memberships for ORA_ZPM_CHANNEL_PARTNER_PORTAL_ADMINISTRATOR_JOB ...
Jul 15, 2024 10:05:48 AM UTC:     FA -> PS : 0 -> 0
Jul 15, 2024 10:05:48 AM UTC:     PS -> FA : 0 -> 0
Jul 15, 2024 10:05:48 AM UTC:   Synchronizing memberships for ORA_HES_BURSAR_JOB ...
Jul 15, 2024 10:05:48 AM UTC:     FA -> PS : 0 -> 0
Jul 15, 2024 10:05:48 AM UTC:     PS -> FA : 0 -> 0
Jul 15, 2024 10:05:48 AM UTC:   Synchronizing memberships for ORA_CMP_COMPENSATION_MANAGER_JOB ...
Jul 15, 2024 10:05:48 AM UTC:     FA -> PS : 0 -> 0
Jul 15, 2024 10:05:48 AM UTC:     PS -> FA : 0 -> 0
Jul 15, 2024 10:05:48 AM UTC:   Synchronizing memberships for ORA_SVC_CUSTOMER_SELF_SERVICE_USER_ABSTRACT ...
Jul 15, 2024 10:05:48 AM UTC:     FA -> PS : 0 -> 0
Jul 15, 2024 10:05:48 AM UTC:     PS -> FA : 0 -> 0
Jul 15, 2024 10:05:48 AM UTC:   Synchronizing memberships for ORA_HEY_STUDENT_SERVICES_MANAGER_JOB ...
Jul 15, 2024 10:05:48 AM UTC:     FA -> PS : 0 -> 0
Jul 15, 2024 10:05:48 AM UTC:     PS -> FA : 0 -> 0
Jul 15, 2024 10:05:48 AM UTC:   Synchronizing memberships for ORA_POZ_SUPPLIER_MANAGER_ABSTRACT ...
Jul 15, 2024 10:05:49 AM UTC:     FA -> PS : 46 -> 46
Jul 15, 2024 10:05:49 AM UTC:     PS -> FA : 46 -> 46
Jul 15, 2024 10:05:49 AM UTC:   Synchronizing memberships for ORA_CN_INCENTIVE_COMPENSATION_PLAN_ADMINISTRATOR_JOB ...
Jul 15, 2024 10:05:49 AM UTC:     FA -> PS : 0 -> 0
Jul 15, 2024 10:05:49 AM UTC:     PS -> FA : 0 -> 0
Jul 15, 2024 10:05:49 AM UTC:   Synchronizing memberships for ORA_PJF_PROJECT_INTEGRATION_SPECIALIST_JOB ...
Jul 15, 2024 10:05:49 AM UTC:     FA -> PS : 0 -> 0
Jul 15, 2024 10:05:49 AM UTC:     PS -> FA : 0 -> 0
Jul 15, 2024 10:05:49 AM UTC:   Synchronizing memberships for ORA_OKC_SUPPLIER_CONTRACT_TEAM_MEMBER_ABSTRACT ...
Jul 15, 2024 10:05:49 AM UTC:     FA -> PS : 0 -> 0
Jul 15, 2024 10:05:49 AM UTC:     PS -> FA : 0 -> 0
Jul 15, 2024 10:05:49 AM UTC:   Synchronizing memberships for ORA_UER_UTILITIES_KEY_ACCOUNT_MANAGER_FOR_SALES_JOB ...
Jul 15, 2024 10:05:49 AM UTC:     FA -> PS : 0 -> 0
Jul 15, 2024 10:05:49 AM UTC:     PS -> FA : 0 -> 0
Jul 15, 2024 10:05:49 AM UTC:   Synchronizing memberships for ORA_POS_SUPPLIER_CUSTOMER_SERVICE_REPRESENTATIVE_JOB ...
Jul 15, 2024 10:05:49 AM UTC:     FA -> PS : 0 -> 0
Jul 15, 2024 10:05:49 AM UTC:     PS -> FA : 0 -> 0
Jul 15, 2024 10:05:49 AM UTC:   Synchronizing memberships for ORA_IEX_COLLECTIONS_AGENT_JOB ...
Jul 15, 2024 10:05:49 AM UTC:     FA -> PS : 2 -> 2
Jul 15, 2024 10:05:49 AM UTC:     PS -> FA : 2 -> 2
Jul 15, 2024 10:05:49 AM UTC:   Synchronizing memberships for ORA_GL_GENERAL_ACCOUNTING_MANAGER_JOB ...
Jul 15, 2024 10:05:49 AM UTC:     FA -> PS : 41 -> 41
Jul 15, 2024 10:05:49 AM UTC:     PS -> FA : 41 -> 41
Jul 15, 2024 10:05:49 AM UTC:   Synchronizing memberships for ORA_ZCA_SALES_SYSTEM_INTEGRATOR_JOB ...
Jul 15, 2024 10:05:49 AM UTC:     FA -> PS : 1 -> 2
Jul 15, 2024 10:05:49 AM UTC:     PS -> FA : 2 -> 1
Jul 15, 2024 10:05:49 AM UTC:   Synchronizing memberships for ORA_XCC_BUDGET_PREPARER_JOB ...
Jul 15, 2024 10:05:49 AM UTC:     FA -> PS : 0 -> 0
Jul 15, 2024 10:05:49 AM UTC:     PS -> FA : 0 -> 0
Jul 15, 2024 10:05:49 AM UTC:   Synchronizing memberships for ORA_PO_PROCUREMENT_APPLICATION_ADMIN_JOB ...
Jul 15, 2024 10:05:49 AM UTC:     FA -> PS : 28 -> 28
Jul 15, 2024 10:05:49 AM UTC:     PS -> FA : 28 -> 28
Jul 15, 2024 10:05:49 AM UTC:   Synchronizing memberships for ORA_TRAVEL_MANAGER_JOB ...
Jul 15, 2024 10:05:49 AM UTC:     FA -> PS : 0 -> 0
Jul 15, 2024 10:05:49 AM UTC:     PS -> FA : 0 -> 0
Jul 15, 2024 10:05:49 AM UTC:   Synchronizing memberships for ORA_FND_ANONYMOUS_USER_ABSTRACT ...
Jul 15, 2024 10:05:49 AM UTC:     FA -> PS : 0 -> 0
Jul 15, 2024 10:05:49 AM UTC:     PS -> FA : 0 -> 0
Jul 15, 2024 10:05:49 AM UTC:   Synchronizing memberships for ORA_PO_PROCUREMENT_CONTRACT_ADMIN_JOB ...
Jul 15, 2024 10:05:49 AM UTC:     FA -> PS : 2 -> 2
Jul 15, 2024 10:05:49 AM UTC:     PS -> FA : 2 -> 2
Jul 15, 2024 10:05:49 AM UTC:   Synchronizing memberships for ORA_ATC_COMMUNICATIONS_CATALOG_VIEWER_JOB ...
Jul 15, 2024 10:05:49 AM UTC:     FA -> PS : 0 -> 0
Jul 15, 2024 10:05:49 AM UTC:     PS -> FA : 0 -> 0
Jul 15, 2024 10:05:49 AM UTC:   Synchronizing memberships for ORA_ZPM_PARTNER_ADMINISTRATOR_JOB ...
Jul 15, 2024 10:05:49 AM UTC:     FA -> PS : 0 -> 0
Jul 15, 2024 10:05:49 AM UTC:     PS -> FA : 0 -> 0
Jul 15, 2024 10:05:49 AM UTC:   Synchronizing memberships for ORA_PER_EMPLOYEE_ABSTRACT ...
Jul 15, 2024 10:05:49 AM UTC:     FA -> PS : 489 -> 490
Jul 15, 2024 10:05:49 AM UTC:     PS -> FA : 490 -> 489
Jul 15, 2024 10:05:49 AM UTC:   Synchronizing memberships for CUSTOM_PSC_MANAGE_BL_ADMIN ...
Jul 15, 2024 10:05:49 AM UTC:     FA -> PS : 0 -> 0
Jul 15, 2024 10:05:49 AM UTC:     PS -> FA : 0 -> 0
Jul 15, 2024 10:05:49 AM UTC:   Synchronizing memberships for ORA_LOY_LOYALTY_MARKETING_MANAGER_JOB ...
Jul 15, 2024 10:05:49 AM UTC:     FA -> PS : 0 -> 0
Jul 15, 2024 10:05:49 AM UTC:     PS -> FA : 0 -> 0
Jul 15, 2024 10:05:49 AM UTC:   Synchronizing memberships for ORA_ATC_COMMUNICATIONS_CUSTOMER_SELF_SERVICE_MANAGER_PROXY_USER_ABSTRACT ...
Jul 15, 2024 10:05:49 AM UTC:     FA -> PS : 0 -> 0
Jul 15, 2024 10:05:49 AM UTC:     PS -> FA : 0 -> 0
Jul 15, 2024 10:05:49 AM UTC:   Synchronizing memberships for ORA_MKL_SALES_LEAD_QUALIFIER_JOB ...
Jul 15, 2024 10:05:49 AM UTC:     FA -> PS : 0 -> 0
Jul 15, 2024 10:05:49 AM UTC:     PS -> FA : 0 -> 0
Jul 15, 2024 10:05:49 AM UTC:   Synchronizing memberships for ORA_ENQ_QUALITY_ENGINEER_JOB ...
Jul 15, 2024 10:05:49 AM UTC:     FA -> PS : 1 -> 1
Jul 15, 2024 10:05:49 AM UTC:     PS -> FA : 1 -> 1
Jul 15, 2024 10:05:49 AM UTC:   Synchronizing memberships for ORA_CJM_CHANNEL_BUDGET_MANAGER_JOB ...
Jul 15, 2024 10:05:49 AM UTC:     FA -> PS : 0 -> 0
Jul 15, 2024 10:05:49 AM UTC:     PS -> FA : 0 -> 0
Jul 15, 2024 10:05:49 AM UTC:   Synchronizing memberships for ORA_EXM_CORPORATE_CARD_ADMINISTRATOR_JOB ...
Jul 15, 2024 10:05:49 AM UTC:     FA -> PS : 0 -> 0
Jul 15, 2024 10:05:49 AM UTC:     PS -> FA : 0 -> 0
Jul 15, 2024 10:05:49 AM UTC:   Synchronizing memberships for ORA_ZPM_CHANNEL_ADMINISTRATOR_JOB ...
Jul 15, 2024 10:05:49 AM UTC:     FA -> PS : 0 -> 0
Jul 15, 2024 10:05:49 AM UTC:     PS -> FA : 0 -> 0
Jul 15, 2024 10:05:49 AM UTC:   Synchronizing memberships for ORA_SVC_CUSTOMER_SERVICE_REPRESENTATIVE_JOB ...
Jul 15, 2024 10:05:50 AM UTC:     FA -> PS : 0 -> 0
Jul 15, 2024 10:05:50 AM UTC:     PS -> FA : 0 -> 0
Jul 15, 2024 10:05:50 AM UTC:   Synchronizing memberships for ORA_MNT_MAINTENANCE_TECHNICIAN_JOB ...
Jul 15, 2024 10:05:50 AM UTC:     FA -> PS : 0 -> 0
Jul 15, 2024 10:05:50 AM UTC:     PS -> FA : 0 -> 0
Jul 15, 2024 10:05:50 AM UTC:   Synchronizing memberships for ORA_HZ_RESOURCE_ABSTRACT ...
Jul 15, 2024 10:05:50 AM UTC:     FA -> PS : 1 -> 2
Jul 15, 2024 10:05:50 AM UTC:     PS -> FA : 2 -> 1
Jul 15, 2024 10:05:50 AM UTC:   Synchronizing memberships for ORA_PSC_AUDITOR_JOB ...
Jul 15, 2024 10:05:50 AM UTC:     FA -> PS : 0 -> 0
Jul 15, 2024 10:05:50 AM UTC:     PS -> FA : 0 -> 0
Jul 15, 2024 10:05:50 AM UTC:   Synchronizing memberships for ORA_PO_PROCUREMENT_MANAGER_JOB ...
Jul 15, 2024 10:05:50 AM UTC:     FA -> PS : 52 -> 52
Jul 15, 2024 10:05:50 AM UTC:     PS -> FA : 52 -> 52
Jul 15, 2024 10:05:50 AM UTC:   Synchronizing memberships for ORA_CSE_ASSET_ADMINISTRATOR_JOB ...
Jul 15, 2024 10:05:50 AM UTC:     FA -> PS : 7 -> 7
Jul 15, 2024 10:05:50 AM UTC:     PS -> FA : 7 -> 7
Jul 15, 2024 10:05:50 AM UTC:   Synchronizing memberships for ORA_CST_COST_ACCOUNTANT_JOB ...
Jul 15, 2024 10:05:50 AM UTC:     FA -> PS : 53 -> 53
Jul 15, 2024 10:05:50 AM UTC:     PS -> FA : 53 -> 53
Jul 15, 2024 10:05:50 AM UTC:   Synchronizing memberships for ORA_FOM_ORDER_ENTRY_SPECIALIST_JOB ...
Jul 15, 2024 10:05:50 AM UTC:     FA -> PS : 27 -> 27
Jul 15, 2024 10:05:50 AM UTC:     PS -> FA : 27 -> 27
Jul 15, 2024 10:05:50 AM UTC:   Synchronizing memberships for ORA_PJF_PRINCIPAL_INVESTIGATOR_JOB ...
Jul 15, 2024 10:05:50 AM UTC:     FA -> PS : 0 -> 0
Jul 15, 2024 10:05:50 AM UTC:     PS -> FA : 0 -> 0
Jul 15, 2024 10:05:50 AM UTC:   Synchronizing memberships for ORA_PJF_PROJECTS_APPLICATION_ADMINISTRATOR_JOB ...
Jul 15, 2024 10:05:50 AM UTC:     FA -> PS : 0 -> 0
Jul 15, 2024 10:05:50 AM UTC:     PS -> FA : 0 -> 0
Jul 15, 2024 10:05:50 AM UTC:   Synchronizing memberships for ORA_ATC_COMMUNICATIONS_CATALOG_PRODUCT_MANAGER_JOB ...
Jul 15, 2024 10:05:50 AM UTC:     FA -> PS : 0 -> 0
Jul 15, 2024 10:05:50 AM UTC:     PS -> FA : 0 -> 0
Jul 15, 2024 10:05:50 AM UTC:   Synchronizing memberships for ORA_ASM_APPLICATION_IMPLEMENTATION_ADMIN_ABSTRACT ...
Jul 15, 2024 10:05:50 AM UTC:     FA -> PS : 6 -> 6
Jul 15, 2024 10:05:50 AM UTC:     PS -> FA : 6 -> 6
Jul 15, 2024 10:05:50 AM UTC:   Synchronizing memberships for ORA_PSC_AGENCY_STAFF_ABSTRACT ...
Jul 15, 2024 10:05:50 AM UTC:     FA -> PS : 0 -> 0
Jul 15, 2024 10:05:50 AM UTC:     PS -> FA : 0 -> 0
Jul 15, 2024 10:05:50 AM UTC:   Synchronizing memberships for ORA_ZPM_PARTNER_PORTAL_USER_ABSTRACT ...
Jul 15, 2024 10:05:50 AM UTC:     FA -> PS : 0 -> 0
Jul 15, 2024 10:05:50 AM UTC:     PS -> FA : 0 -> 0
Jul 15, 2024 10:05:50 AM UTC:   Synchronizing memberships for ORA_CE_TREASURY_ACCOUNTANT_JOB ...
Jul 15, 2024 10:05:50 AM UTC:     FA -> PS : 0 -> 0
Jul 15, 2024 10:05:50 AM UTC:     PS -> FA : 0 -> 0
Jul 15, 2024 10:05:50 AM UTC:   Synchronizing memberships for ORA_DOO_ORDER_ORCHESTRATION_ERROR_RECOVERY_MANAGER_ABSTRACT ...
Jul 15, 2024 10:05:50 AM UTC:     FA -> PS : 46 -> 46
Jul 15, 2024 10:05:50 AM UTC:     PS -> FA : 46 -> 46
Jul 15, 2024 10:05:50 AM UTC:   Synchronizing memberships for ORA_ACE_PRODUCT_MANAGEMENT_VP_JOB ...
Jul 15, 2024 10:05:50 AM UTC:     FA -> PS : 0 -> 0
Jul 15, 2024 10:05:50 AM UTC:     PS -> FA : 0 -> 0
Jul 15, 2024 10:05:50 AM UTC:   Synchronizing memberships for ORA_MSC_MATERIALS_PLANNER_JOB ...
Jul 15, 2024 10:05:50 AM UTC:     FA -> PS : 41 -> 41
Jul 15, 2024 10:05:50 AM UTC:     PS -> FA : 41 -> 41
Jul 15, 2024 10:05:50 AM UTC:   Synchronizing memberships for ORA_PJF_GRANTS_DEPARTMENT_ADMINISTRATOR_JOB ...
Jul 15, 2024 10:05:50 AM UTC:     FA -> PS : 0 -> 0
Jul 15, 2024 10:05:50 AM UTC:     PS -> FA : 0 -> 0
Jul 15, 2024 10:05:50 AM UTC:   Synchronizing memberships for ORA_BEN_BENEFITS_MANAGER_JOB ...
Jul 15, 2024 10:05:50 AM UTC:     FA -> PS : 0 -> 0
Jul 15, 2024 10:05:50 AM UTC:     PS -> FA : 0 -> 0
Jul 15, 2024 10:05:50 AM UTC:   Synchronizing memberships for ORA_PSC_CODE_ENFORCEMENT_APPLICATION_ADMINISTRATOR_JOB ...
Jul 15, 2024 10:05:50 AM UTC:     FA -> PS : 0 -> 0
Jul 15, 2024 10:05:50 AM UTC:     PS -> FA : 0 -> 0
Jul 15, 2024 10:05:50 AM UTC:   Synchronizing memberships for ORA_ATC_COMMUNICATIONS_MARKETING_MANAGER_JOB ...
Jul 15, 2024 10:05:50 AM UTC:     FA -> PS : 0 -> 0
Jul 15, 2024 10:05:50 AM UTC:     PS -> FA : 0 -> 0
Jul 15, 2024 10:05:50 AM UTC:   Synchronizing memberships for ORA_PSC_PERMIT_TECHNICIAN_JOB ...
Jul 15, 2024 10:05:50 AM UTC:     FA -> PS : 0 -> 0
Jul 15, 2024 10:05:50 AM UTC:     PS -> FA : 0 -> 0
Jul 15, 2024 10:05:50 AM UTC:   Synchronizing memberships for ORA_OKC_SUPPLIER_CONTRACT_ADMINISTRATOR_JOB ...
Jul 15, 2024 10:05:50 AM UTC:     FA -> PS : 0 -> 0
Jul 15, 2024 10:05:50 AM UTC:     PS -> FA : 0 -> 0
Jul 15, 2024 10:05:50 AM UTC:   Synchronizing memberships for CUSTOM_PSC_MANAGE_PNZ ...
Jul 15, 2024 10:05:50 AM UTC:     FA -> PS : 0 -> 0
Jul 15, 2024 10:05:50 AM UTC:     PS -> FA : 0 -> 0
Jul 15, 2024 10:05:50 AM UTC:   Synchronizing memberships for ORA_CMK_TRADING_PARTNER_B2B_ADMINISTRATOR_ABSTRACT ...
Jul 15, 2024 10:05:50 AM UTC:     FA -> PS : 0 -> 0
Jul 15, 2024 10:05:50 AM UTC:     PS -> FA : 0 -> 0
Jul 15, 2024 10:05:50 AM UTC:   Synchronizing memberships for ORA_AR_CUSTOMER_ACCOUNT_ADMINISTRATOR_JOB ...
Jul 15, 2024 10:05:50 AM UTC:     FA -> PS : 0 -> 0
Jul 15, 2024 10:05:50 AM UTC:     PS -> FA : 0 -> 0
Jul 15, 2024 10:05:50 AM UTC:   Synchronizing memberships for ORA_EGI_PRODUCT_DATA_STEWARD_JOB ...
Jul 15, 2024 10:05:51 AM UTC:     FA -> PS : 43 -> 43
Jul 15, 2024 10:05:51 AM UTC:     PS -> FA : 43 -> 43
Jul 15, 2024 10:05:51 AM UTC:   Synchronizing memberships for ORA_FUN_FIN_SCM_MFG_APPLICATION_ADMINISTRATOR_JOB ...
Jul 15, 2024 10:05:51 AM UTC:     FA -> PS : 0 -> 0
Jul 15, 2024 10:05:51 AM UTC:     PS -> FA : 0 -> 0
Jul 15, 2024 10:05:51 AM UTC:   Synchronizing memberships for CUSTOM_PSC_MANAGE_ALL_WORKFLOW_TASKS ...
Jul 15, 2024 10:05:51 AM UTC:     FA -> PS : 0 -> 0
Jul 15, 2024 10:05:51 AM UTC:     PS -> FA : 0 -> 0
Jul 15, 2024 10:05:51 AM UTC:   Synchronizing memberships for ORA_ASM_APPLICATION_IMPLEMENTATION_MANAGER_JOB ...
Jul 15, 2024 10:05:51 AM UTC:     FA -> PS : 5 -> 5
Jul 15, 2024 10:05:51 AM UTC:     PS -> FA : 5 -> 5
Jul 15, 2024 10:05:51 AM UTC:   Synchronizing memberships for ORA_OKC_CUSTOMER_CONTRACT_TEAM_MEMBER_ABSTRACT ...
Jul 15, 2024 10:05:51 AM UTC:     FA -> PS : 0 -> 0
Jul 15, 2024 10:05:51 AM UTC:     PS -> FA : 0 -> 0
Jul 15, 2024 10:05:51 AM UTC:   Synchronizing memberships for ORA_ASM_FUNCTIONAL_SETUPS_USER_ABSTRACT ...
Jul 15, 2024 10:05:51 AM UTC:     FA -> PS : 0 -> 0
Jul 15, 2024 10:05:51 AM UTC:     PS -> FA : 0 -> 0
Jul 15, 2024 10:05:51 AM UTC:   Synchronizing memberships for ORA_CJM_CHANNEL_CLAIMS_MANAGER_JOB ...
Jul 15, 2024 10:05:51 AM UTC:     FA -> PS : 0 -> 0
Jul 15, 2024 10:05:51 AM UTC:     PS -> FA : 0 -> 0
Jul 15, 2024 10:05:51 AM UTC:   Synchronizing memberships for ORA_PJF_PROJECT_ACCOUNTANT_JOB ...
Jul 15, 2024 10:05:51 AM UTC:     FA -> PS : 0 -> 0
Jul 15, 2024 10:05:51 AM UTC:     PS -> FA : 0 -> 0
Jul 15, 2024 10:05:51 AM UTC:   Synchronizing memberships for ORA_PSC_PLAN_COORDINATOR_JOB ...
Jul 15, 2024 10:05:51 AM UTC:     FA -> PS : 0 -> 0
Jul 15, 2024 10:05:51 AM UTC:     PS -> FA : 0 -> 0
Jul 15, 2024 10:05:51 AM UTC:   Synchronizing memberships for ORA_UER_UTILITIES_KEY_ACCOUNT_SUPERVISOR_FOR_SALES_JOB ...
Jul 15, 2024 10:05:51 AM UTC:     FA -> PS : 0 -> 0
Jul 15, 2024 10:05:51 AM UTC:     PS -> FA : 0 -> 0
Jul 15, 2024 10:05:51 AM UTC:   Synchronizing memberships for ORA_HEY_STUDENT_SUPPORT_ADVISOR_JOB ...
Jul 15, 2024 10:05:51 AM UTC:     FA -> PS : 0 -> 0
Jul 15, 2024 10:05:51 AM UTC:     PS -> FA : 0 -> 0
Jul 15, 2024 10:05:51 AM UTC:   Synchronizing memberships for ORA_ATC_COMMUNICATIONS_CUSTOMER_SERVICE_REPRESENTATIVE_JOB ...
Jul 15, 2024 10:05:51 AM UTC:     FA -> PS : 0 -> 0
Jul 15, 2024 10:05:51 AM UTC:     PS -> FA : 0 -> 0
Jul 15, 2024 10:05:51 AM UTC:   Synchronizing memberships for ORA_HWR_EMPLOYEE_DEVELOPMENT_MANAGER_JOB ...
Jul 15, 2024 10:05:51 AM UTC:     FA -> PS : 0 -> 0
Jul 15, 2024 10:05:51 AM UTC:     PS -> FA : 0 -> 0
Jul 15, 2024 10:05:51 AM UTC:   Synchronizing memberships for ORA_SVC_CUSTOMER_SELF_SERVICE_PROXY_USER_ABSTRACT ...
Jul 15, 2024 10:05:51 AM UTC:     FA -> PS : 0 -> 0
Jul 15, 2024 10:05:51 AM UTC:     PS -> FA : 0 -> 0
Jul 15, 2024 10:05:51 AM UTC:   Synchronizing memberships for ORA_ATC_COMMUNICATIONS_TECHNICAL_SPECIALIST_JOB ...
Jul 15, 2024 10:05:51 AM UTC:     FA -> PS : 0 -> 0
Jul 15, 2024 10:05:51 AM UTC:     PS -> FA : 0 -> 0
Jul 15, 2024 10:05:51 AM UTC:   Synchronizing memberships for ORA_HEQ_ADMISSIONS_MANAGER_JOB ...
Jul 15, 2024 10:05:51 AM UTC:     FA -> PS : 0 -> 0
Jul 15, 2024 10:05:51 AM UTC:     PS -> FA : 0 -> 0
Jul 15, 2024 10:05:51 AM UTC:   Synchronizing memberships for ORA_RCS_SUPPLY_CHAIN_INTEGRATION_SPECIALIST_JOB ...
Jul 15, 2024 10:05:51 AM UTC:     FA -> PS : 30 -> 30
Jul 15, 2024 10:05:51 AM UTC:     PS -> FA : 30 -> 30
Jul 15, 2024 10:05:51 AM UTC:   Synchronizing memberships for ORA_ZX_TAX_MANAGER_JOB ...
Jul 15, 2024 10:05:51 AM UTC:     FA -> PS : 15 -> 15
Jul 15, 2024 10:05:51 AM UTC:     PS -> FA : 15 -> 15
Jul 15, 2024 10:05:51 AM UTC:   Synchronizing memberships for ORA_ZCH_TRADING_COMMUNITY_DATA_STEWARD_JOB ...
Jul 15, 2024 10:05:51 AM UTC:     FA -> PS : 22 -> 22
Jul 15, 2024 10:05:51 AM UTC:     PS -> FA : 22 -> 22
Jul 15, 2024 10:05:51 AM UTC:   Synchronizing memberships for CUSTOM_PSC_MANAGE_PRGCE_ADMIN ...
Jul 15, 2024 10:05:51 AM UTC:     FA -> PS : 0 -> 0
Jul 15, 2024 10:05:51 AM UTC:     PS -> FA : 0 -> 0
Jul 15, 2024 10:05:51 AM UTC:   Synchronizing memberships for ORA_SYNC_ENABLED_DEVELOPER_ABSTRACT ...
Jul 15, 2024 10:05:52 AM UTC:     FA -> PS : 0 -> 0
Jul 15, 2024 10:05:52 AM UTC:     PS -> FA : 0 -> 0
Jul 15, 2024 10:05:52 AM UTC:   Synchronizing memberships for ORA_HES_CASHIER_JOB ...
Jul 15, 2024 10:05:52 AM UTC:     FA -> PS : 7 -> 7
Jul 15, 2024 10:05:52 AM UTC:     PS -> FA : 7 -> 7
Jul 15, 2024 10:05:52 AM UTC:   Synchronizing memberships for ORA_PJF_PROJECT_TEAM_MEMBER_ABSTRACT ...
Jul 15, 2024 10:05:52 AM UTC:     FA -> PS : 0 -> 0
Jul 15, 2024 10:05:52 AM UTC:     PS -> FA : 0 -> 0
Jul 15, 2024 10:05:52 AM UTC:   Synchronizing memberships for ORA_PSC_GIS_ADMIN_JOB ...
Jul 15, 2024 10:05:52 AM UTC:     FA -> PS : 0 -> 0
Jul 15, 2024 10:05:52 AM UTC:     PS -> FA : 0 -> 0
Jul 15, 2024 10:05:52 AM UTC:   Synchronizing memberships for ORA_FUN_ERP_APPLICATION_INTEGRATOR_ABSTRACT ...
Jul 15, 2024 10:05:52 AM UTC:     FA -> PS : 0 -> 0
Jul 15, 2024 10:05:52 AM UTC:     PS -> FA : 0 -> 0
Jul 15, 2024 10:05:52 AM UTC:   Synchronizing memberships for CUSTOM_PSC_VIEW_ALL_APPLICATIONS ...
Jul 15, 2024 10:05:52 AM UTC:     FA -> PS : 0 -> 0
Jul 15, 2024 10:05:52 AM UTC:     PS -> FA : 0 -> 0
Jul 15, 2024 10:05:52 AM UTC:   Synchronizing memberships for ORA_OKC_CUSTOMER_CONTRACT_MANAGER_JOB ...
Jul 15, 2024 10:05:52 AM UTC:     FA -> PS : 0 -> 0
Jul 15, 2024 10:05:52 AM UTC:     PS -> FA : 0 -> 0
Jul 15, 2024 10:05:52 AM UTC:   Synchronizing memberships for ORA_GTG_APPLICATION_CONTROL_MANAGER_JOB ...
Jul 15, 2024 10:05:52 AM UTC:     FA -> PS : 0 -> 0
Jul 15, 2024 10:05:52 AM UTC:     PS -> FA : 0 -> 0
Jul 15, 2024 10:05:52 AM UTC:   Synchronizing memberships for ORA_CN_INCENTIVE_COMPENSATION_ADMINISTRATOR_JOB ...
Jul 15, 2024 10:05:52 AM UTC:     FA -> PS : 1 -> 1
Jul 15, 2024 10:05:52 AM UTC:     PS -> FA : 1 -> 1
Jul 15, 2024 10:05:52 AM UTC:   Synchronizing memberships for ORA_ZBS_SALES_VP_JOB ...
Jul 15, 2024 10:05:52 AM UTC:     FA -> PS : 0 -> 0
Jul 15, 2024 10:05:52 AM UTC:     PS -> FA : 0 -> 0
Jul 15, 2024 10:05:52 AM UTC:   Synchronizing memberships for ORA_AR_ACCOUNTS_RECEIVABLE_MANAGER_SOD_JOB ...
Jul 15, 2024 10:05:52 AM UTC:     FA -> PS : 8 -> 8
Jul 15, 2024 10:05:52 AM UTC:     PS -> FA : 8 -> 8
Jul 15, 2024 10:05:52 AM UTC:   Synchronizing memberships for ORA_CE_CASH_MANAGER_JOB ...
Jul 15, 2024 10:05:52 AM UTC:     FA -> PS : 24 -> 24
Jul 15, 2024 10:05:52 AM UTC:     PS -> FA : 24 -> 24
Jul 15, 2024 10:05:52 AM UTC:   Synchronizing memberships for ORA_PAY_PAYROLL_ADMINISTRATOR_JOB ...
Jul 15, 2024 10:05:52 AM UTC:     FA -> PS : 0 -> 0
Jul 15, 2024 10:05:52 AM UTC:     PS -> FA : 0 -> 0
Jul 15, 2024 10:05:52 AM UTC:   Synchronizing memberships for ORA_PER_RECRUITING_ADMINISTRATOR_JOB ...
Jul 15, 2024 10:05:52 AM UTC:     FA -> PS : 0 -> 0
Jul 15, 2024 10:05:52 AM UTC:     PS -> FA : 0 -> 0
Jul 15, 2024 10:05:52 AM UTC:   Synchronizing memberships for ORA_ACD_PRODUCT_DESIGN_ENGINEER_JOB ...
Jul 15, 2024 10:05:52 AM UTC:     FA -> PS : 0 -> 0
Jul 15, 2024 10:05:52 AM UTC:     PS -> FA : 0 -> 0
Jul 15, 2024 10:05:52 AM UTC:   Synchronizing memberships for ORA_MKT_MARKETING_ANALYST_JOB ...
Jul 15, 2024 10:05:52 AM UTC:     FA -> PS : 0 -> 0
Jul 15, 2024 10:05:52 AM UTC:     PS -> FA : 0 -> 0
Jul 15, 2024 10:05:52 AM UTC:   Synchronizing memberships for ORA_POS_SUPPLIER_SELF_SERVICE_ADMINISTRATOR_ABSTRACT ...
Jul 15, 2024 10:05:52 AM UTC:     FA -> PS : 0 -> 0
Jul 15, 2024 10:05:52 AM UTC:     PS -> FA : 0 -> 0
Jul 15, 2024 10:05:52 AM UTC:   Synchronizing memberships for ORA_IRC_RECRUITER_JOB ...
Jul 15, 2024 10:05:52 AM UTC:     FA -> PS : 0 -> 0
Jul 15, 2024 10:05:52 AM UTC:     PS -> FA : 0 -> 0
Jul 15, 2024 10:05:52 AM UTC:   Synchronizing memberships for ORA_POR_PROCUREMENT_REQUESTER_ABSTRACT ...
Jul 15, 2024 10:05:52 AM UTC:     FA -> PS : 395 -> 395
Jul 15, 2024 10:05:52 AM UTC:     PS -> FA : 395 -> 395
Jul 15, 2024 10:05:52 AM UTC:   Synchronizing memberships for ORA_QSC_SALES_CATALOG_ADMINISTRATOR_JOB ...
Jul 15, 2024 10:05:52 AM UTC:     FA -> PS : 0 -> 0
Jul 15, 2024 10:05:52 AM UTC:     PS -> FA : 0 -> 0
Jul 15, 2024 10:05:52 AM UTC:   Synchronizing memberships for ORA_PJF_PROJECT_EXECUTION_ABSTRACT ...
Jul 15, 2024 10:05:52 AM UTC:     FA -> PS : 0 -> 0
Jul 15, 2024 10:05:52 AM UTC:     PS -> FA : 0 -> 0
Jul 15, 2024 10:05:52 AM UTC:   Synchronizing memberships for ORA_QP_PRICING_ADMINISTRATOR_JOB ...
Jul 15, 2024 10:05:52 AM UTC:     FA -> PS : 40 -> 40
Jul 15, 2024 10:05:52 AM UTC:     PS -> FA : 40 -> 40
Jul 15, 2024 10:05:52 AM UTC:   Synchronizing memberships for ORA_IEX_COLLECTIONS_MANAGER_JOB ...
Jul 15, 2024 10:05:52 AM UTC:     FA -> PS : 0 -> 0
Jul 15, 2024 10:05:52 AM UTC:     PS -> FA : 0 -> 0
Jul 15, 2024 10:05:52 AM UTC:   Synchronizing memberships for ORA_ZBS_SALES_MANAGER_JOB ...
Jul 15, 2024 10:05:52 AM UTC:     FA -> PS : 1 -> 1
Jul 15, 2024 10:05:52 AM UTC:     PS -> FA : 1 -> 1
Jul 15, 2024 10:05:52 AM UTC:   Synchronizing memberships for ORA_GTG_ACCESS_REQUEST_SECURITY_ADMINISTRATOR_JOB ...
Jul 15, 2024 10:05:52 AM UTC:     FA -> PS : 0 -> 0
Jul 15, 2024 10:05:52 AM UTC:     PS -> FA : 0 -> 0
Jul 15, 2024 10:05:52 AM UTC:   Synchronizing memberships for ORA_HEY_STUDENT_RECRUITER_JOB ...
Jul 15, 2024 10:05:52 AM UTC:     FA -> PS : 0 -> 0
Jul 15, 2024 10:05:52 AM UTC:     PS -> FA : 0 -> 0
Jul 15, 2024 10:05:52 AM UTC:   Synchronizing memberships for ORA_PSC_REGISTERED_PUBLIC_USER_ABSTRACT ...
Jul 15, 2024 10:05:52 AM UTC:     FA -> PS : 0 -> 0
Jul 15, 2024 10:05:52 AM UTC:     PS -> FA : 0 -> 0
Jul 15, 2024 10:05:52 AM UTC:   Synchronizing memberships for CUSTOM_PSC_MANAGE_PNZ_AGENCY ...
Jul 15, 2024 10:05:52 AM UTC:     FA -> PS : 0 -> 0
Jul 15, 2024 10:05:52 AM UTC:     PS -> FA : 0 -> 0
Jul 15, 2024 10:05:52 AM UTC:   Synchronizing memberships for ORA_PSC_ZONING_ADMINISTRATOR_JOB ...
Jul 15, 2024 10:05:52 AM UTC:     FA -> PS : 0 -> 0
Jul 15, 2024 10:05:52 AM UTC:     PS -> FA : 0 -> 0
Jul 15, 2024 10:05:52 AM UTC:   Synchronizing memberships for ORA_ACD_PRODUCT_DESIGN_MANAGER_JOB ...
Jul 15, 2024 10:05:52 AM UTC:     FA -> PS : 0 -> 0
Jul 15, 2024 10:05:52 AM UTC:     PS -> FA : 0 -> 0
Jul 15, 2024 10:05:52 AM UTC:   Synchronizing memberships for ORA_SVC_CASE_MANAGER_JOB ...
Jul 15, 2024 10:05:53 AM UTC:     FA -> PS : 2 -> 2
Jul 15, 2024 10:05:53 AM UTC:     PS -> FA : 2 -> 2
Jul 15, 2024 10:05:53 AM UTC:   Synchronizing memberships for ORA_GTG_RISK_ACTIVITIES_MANAGER_JOB ...
Jul 15, 2024 10:05:53 AM UTC:     FA -> PS : 0 -> 0
Jul 15, 2024 10:05:53 AM UTC:     PS -> FA : 0 -> 0
Jul 15, 2024 10:05:53 AM UTC:   Synchronizing memberships for ORA_ZCA_CUSTOMER_RELATIONSHIP_MANAGEMENT_INTEGRATION_SPECIALIST_JOB ...
Jul 15, 2024 10:05:53 AM UTC:     FA -> PS : 0 -> 0
Jul 15, 2024 10:05:53 AM UTC:     PS -> FA : 0 -> 0
Jul 15, 2024 10:05:53 AM UTC:   Synchronizing memberships for ORA_OKC_SUPPLIER_CONTRACT_MANAGER_JOB ...
Jul 15, 2024 10:05:53 AM UTC:     FA -> PS : 0 -> 0
Jul 15, 2024 10:05:53 AM UTC:     PS -> FA : 0 -> 0
Jul 15, 2024 10:05:53 AM UTC:   Synchronizing memberships for ORA_ATC_COMMUNICATIONS_CATALOG_ADMINISTRATOR_JOB ...
Jul 15, 2024 10:05:53 AM UTC:     FA -> PS : 0 -> 0
Jul 15, 2024 10:05:53 AM UTC:     PS -> FA : 0 -> 0
Jul 15, 2024 10:05:53 AM UTC:   Synchronizing memberships for ORA_POS_SUPPLIER_SALES_REPRESENTATIVE_JOB ...
Jul 15, 2024 10:05:53 AM UTC:     FA -> PS : 0 -> 0
Jul 15, 2024 10:05:53 AM UTC:     PS -> FA : 0 -> 0
Jul 15, 2024 10:05:53 AM UTC:   Synchronizing memberships for ORA_ACE_PRODUCT_PORTFOLIO_MANAGER_JOB ...
Jul 15, 2024 10:05:53 AM UTC:     FA -> PS : 0 -> 0
Jul 15, 2024 10:05:53 AM UTC:     PS -> FA : 0 -> 0
Jul 15, 2024 10:05:53 AM UTC:   Synchronizing memberships for ORA_PJF_PROJECT_CREATOR_ABSTRACT ...
Jul 15, 2024 10:05:53 AM UTC:     FA -> PS : 0 -> 0
Jul 15, 2024 10:05:53 AM UTC:     PS -> FA : 0 -> 0
Jul 15, 2024 10:05:53 AM UTC:   Synchronizing memberships for ORA_RCL_FIELD_SERVICE_ADMINISTRATOR_JOB ...
Jul 15, 2024 10:05:53 AM UTC:     FA -> PS : 0 -> 1
Jul 15, 2024 10:05:53 AM UTC:     PS -> FA : 1 -> 0
Jul 15, 2024 10:05:53 AM UTC:   Synchronizing memberships for ORA_PJF_PROGRAM_MANAGER_JOB ...
Jul 15, 2024 10:05:53 AM UTC:     FA -> PS : 0 -> 0
Jul 15, 2024 10:05:53 AM UTC:     PS -> FA : 0 -> 0
Jul 15, 2024 10:05:53 AM UTC:   Synchronizing memberships for ORA_AR_ACCOUNTS_RECEIVABLE_MANAGER_JOB ...
Jul 15, 2024 10:05:53 AM UTC:     FA -> PS : 65 -> 65
Jul 15, 2024 10:05:53 AM UTC:     PS -> FA : 65 -> 65
Jul 15, 2024 10:05:53 AM UTC:   Synchronizing memberships for ORA_ZX_TAX_ADMINISTRATOR_JOB ...
Jul 15, 2024 10:05:53 AM UTC:     FA -> PS : 3 -> 3
Jul 15, 2024 10:05:53 AM UTC:     PS -> FA : 3 -> 3
Jul 15, 2024 10:05:53 AM UTC:   Synchronizing memberships for ORA_VRM_REVENUE_MANAGER_JOB ...
Jul 15, 2024 10:05:53 AM UTC:     FA -> PS : 2 -> 2
Jul 15, 2024 10:05:53 AM UTC:     PS -> FA : 2 -> 2
Jul 15, 2024 10:05:53 AM UTC:   Synchronizing memberships for ORA_HRC_AI_APPLICATIONS_ADMINISTRATOR_JOB ...
Jul 15, 2024 10:05:53 AM UTC:     FA -> PS : 0 -> 0
Jul 15, 2024 10:05:53 AM UTC:     PS -> FA : 0 -> 0
Jul 15, 2024 10:05:53 AM UTC:   Synchronizing memberships for ORA_CSO_KNOWLEDGE_ANALYST_JOB ...
Jul 15, 2024 10:05:53 AM UTC:     FA -> PS : 0 -> 0
Jul 15, 2024 10:05:53 AM UTC:     PS -> FA : 0 -> 0
Jul 15, 2024 10:05:53 AM UTC:   Synchronizing memberships for ORA_ATC_COMMUNICATIONS_CUSTOMER_SELF_SERVICE_MANAGER_USER_ABSTRACT ...
Jul 15, 2024 10:05:53 AM UTC:     FA -> PS : 0 -> 0
Jul 15, 2024 10:05:53 AM UTC:     PS -> FA : 0 -> 0
Jul 15, 2024 10:05:53 AM UTC:   Synchronizing memberships for ORA_XCC_BUDGET_ANALYST_JOB ...
Jul 15, 2024 10:05:53 AM UTC:     FA -> PS : 0 -> 0
Jul 15, 2024 10:05:53 AM UTC:     PS -> FA : 0 -> 0
Jul 15, 2024 10:05:53 AM UTC:   Synchronizing memberships for ORA_CMP_COMPENSATION_ANALYST_JOB ...
Jul 15, 2024 10:05:53 AM UTC:     FA -> PS : 0 -> 0
Jul 15, 2024 10:05:53 AM UTC:     PS -> FA : 0 -> 0
Jul 15, 2024 10:05:53 AM UTC:   Synchronizing memberships for ORA_PO_BUYER_JOB ...
Jul 15, 2024 10:05:53 AM UTC:     FA -> PS : 62 -> 62
Jul 15, 2024 10:05:53 AM UTC:     PS -> FA : 62 -> 62
Jul 15, 2024 10:05:53 AM UTC:   Synchronizing memberships for ORA_FA_ASSET_ACCOUNTING_MANAGER_JOB ...
Jul 15, 2024 10:05:53 AM UTC:     FA -> PS : 28 -> 28
Jul 15, 2024 10:05:53 AM UTC:     PS -> FA : 28 -> 28
Jul 15, 2024 10:05:53 AM UTC:   Synchronizing memberships for ORA_PSC_BUSINESS_LICENSE_INSPECTION_SUPERVISOR_JOB ...
Jul 15, 2024 10:05:53 AM UTC:     FA -> PS : 0 -> 0
Jul 15, 2024 10:05:53 AM UTC:     PS -> FA : 0 -> 0
Jul 15, 2024 10:05:53 AM UTC:   Synchronizing memberships for ORA_FND_INTERNAL_AUDITOR_JOB ...
Jul 15, 2024 10:05:53 AM UTC:     FA -> PS : 0 -> 0
Jul 15, 2024 10:05:53 AM UTC:     PS -> FA : 0 -> 0
Jul 15, 2024 10:05:53 AM UTC:   Synchronizing memberships for ORA_GL_FINANCIAL_ANALYST_JOB ...
Jul 15, 2024 10:05:53 AM UTC:     FA -> PS : 23 -> 23
Jul 15, 2024 10:05:53 AM UTC:     PS -> FA : 23 -> 23
Jul 15, 2024 10:05:53 AM UTC:   Synchronizing memberships for ORA_ASE_IT_AUDITOR_JOB ...
Jul 15, 2024 10:05:53 AM UTC:     FA -> PS : 0 -> 0
Jul 15, 2024 10:05:53 AM UTC:     PS -> FA : 0 -> 0
Jul 15, 2024 10:05:53 AM UTC:   Synchronizing memberships for ORA_UER_UTILITIES_CUSTOMER_SERVICE_REPRESENTATIVE_JOB ...
Jul 15, 2024 10:05:53 AM UTC:     FA -> PS : 0 -> 0
Jul 15, 2024 10:05:53 AM UTC:     PS -> FA : 0 -> 0
Jul 15, 2024 10:05:53 AM UTC:   Synchronizing memberships for ORA_OKC_CUSTOMER_CONTRACT_ADMINISTRATOR_JOB ...
Jul 15, 2024 10:05:53 AM UTC:     FA -> PS : 0 -> 0
Jul 15, 2024 10:05:53 AM UTC:     PS -> FA : 0 -> 0
Jul 15, 2024 10:05:53 AM UTC:   Synchronizing memberships for ORA_SVC_HUMAN_RESOURCE_HELP_DESK_MANAGER_NG_JOB ...
Jul 15, 2024 10:05:53 AM UTC:     FA -> PS : 0 -> 0
Jul 15, 2024 10:05:53 AM UTC:     PS -> FA : 0 -> 0
Jul 15, 2024 10:05:53 AM UTC:   Synchronizing memberships for ORA_MSC_PRODUCTION_SCHEDULER_JOB ...
Jul 15, 2024 10:05:53 AM UTC:     FA -> PS : 0 -> 0
Jul 15, 2024 10:05:53 AM UTC:     PS -> FA : 0 -> 0
Jul 15, 2024 10:05:53 AM UTC:   Synchronizing memberships for ORA_FND_APPLICATION_ADMINISTRATOR_JOB ...
Jul 15, 2024 10:05:53 AM UTC:     FA -> PS : 4 -> 4
Jul 15, 2024 10:05:53 AM UTC:     PS -> FA : 4 -> 4
Jul 15, 2024 10:05:53 AM UTC:   Synchronizing memberships for ORA_HRC_HUMAN_CAPITAL_MANAGEMENT_APPLICATION_ADMINISTRATOR_JOB ...
Jul 15, 2024 10:05:53 AM UTC:     FA -> PS : 0 -> 0
Jul 15, 2024 10:05:53 AM UTC:     PS -> FA : 0 -> 0
Jul 15, 2024 10:05:53 AM UTC:   Synchronizing memberships for ORA_MSC_DEMAND_AND_SUPPLY_PLANNER_JOB ...
Jul 15, 2024 10:05:53 AM UTC:     FA -> PS : 4 -> 4
Jul 15, 2024 10:05:53 AM UTC:     PS -> FA : 4 -> 4
Jul 15, 2024 10:05:53 AM UTC:   Synchronizing memberships for ORA_WSH_SHIPPING_MANAGER_JOB ...
Jul 15, 2024 10:05:53 AM UTC:     FA -> PS : 44 -> 44
Jul 15, 2024 10:05:53 AM UTC:     PS -> FA : 44 -> 44
Jul 15, 2024 10:05:53 AM UTC:   Synchronizing memberships for ORA_GTG_APPLICATION_ACCESS_AUDITOR_JOB ...
Jul 15, 2024 10:05:53 AM UTC:     FA -> PS : 0 -> 0
Jul 15, 2024 10:05:53 AM UTC:     PS -> FA : 0 -> 0
Jul 15, 2024 10:05:53 AM UTC:   Synchronizing memberships for ORA_HRC_ADAPTIVE_INTELLIGENCE_APPLICATIONS_INTEGRATION_WITH_HCM_DISCRETIONARY ...
Jul 15, 2024 10:05:53 AM UTC:     FA -> PS : 1 -> 2
Jul 15, 2024 10:05:53 AM UTC:     PS -> FA : 2 -> 1
Jul 15, 2024 10:05:53 AM UTC:   Synchronizing memberships for ORA_SCH_PURCHASE_PRICING_MANAGER_JOB ...
Jul 15, 2024 10:05:53 AM UTC:     FA -> PS : 2 -> 2
Jul 15, 2024 10:05:53 AM UTC:     PS -> FA : 2 -> 2
Jul 15, 2024 10:05:53 AM UTC:   Synchronizing memberships for ORA_PSC_BUSINESS_ANALYST_JOB ...
Jul 15, 2024 10:05:53 AM UTC:     FA -> PS : 0 -> 0
Jul 15, 2024 10:05:53 AM UTC:     PS -> FA : 0 -> 0
Jul 15, 2024 10:05:53 AM UTC:   Synchronizing memberships for ORA_PJF_PROJECT_ADMINISTRATOR_JOB ...
Jul 15, 2024 10:05:53 AM UTC:     FA -> PS : 0 -> 0
Jul 15, 2024 10:05:53 AM UTC:     PS -> FA : 0 -> 0
Jul 15, 2024 10:05:54 AM UTC:   Synchronizing memberships for CUSTOM_PSC_REGISTERED_PUBLIC_USER ...
Jul 15, 2024 10:05:54 AM UTC:     FA -> PS : 0 -> 0
Jul 15, 2024 10:05:54 AM UTC:     PS -> FA : 0 -> 0
Jul 15, 2024 10:05:54 AM UTC:   Synchronizing memberships for ORA_IRC_EMPLOYEE_CAMPAIGN_MANAGER_JOB ...
Jul 15, 2024 10:05:54 AM UTC:     FA -> PS : 0 -> 0
Jul 15, 2024 10:05:54 AM UTC:     PS -> FA : 0 -> 0
Jul 15, 2024 10:05:54 AM UTC:   Synchronizing memberships for ORA_PER_PENDING_WORKER_ABSTRACT ...
Jul 15, 2024 10:05:54 AM UTC:     FA -> PS : 0 -> 0
Jul 15, 2024 10:05:54 AM UTC:     PS -> FA : 0 -> 0
Jul 15, 2024 10:05:54 AM UTC:   Synchronizing memberships for ORA_ATC_COMMUNICATIONS_CUSTOMER_SELF_SERVICE_VIEWER_USER_ABSTRACT ...
Jul 15, 2024 10:05:54 AM UTC:     FA -> PS : 0 -> 0
Jul 15, 2024 10:05:54 AM UTC:     PS -> FA : 0 -> 0
Jul 15, 2024 10:05:54 AM UTC:   Synchronizing memberships for ORA_GTG_RISK_MANAGEMENT_AUDITOR_JOB ...
Jul 15, 2024 10:05:54 AM UTC:     FA -> PS : 0 -> 0
Jul 15, 2024 10:05:54 AM UTC:     PS -> FA : 0 -> 0
Jul 15, 2024 10:05:54 AM UTC:   Synchronizing memberships for ORA_QP_PRICING_ANALYST_JOB ...
Jul 15, 2024 10:05:54 AM UTC:     FA -> PS : 18 -> 18
Jul 15, 2024 10:05:54 AM UTC:     PS -> FA : 18 -> 18
Jul 15, 2024 10:05:54 AM UTC:   Synchronizing memberships for CUSTOM_PSC_MANAGE_BL_AGENCY ...
Jul 15, 2024 10:05:54 AM UTC:     FA -> PS : 0 -> 0
Jul 15, 2024 10:05:54 AM UTC:     PS -> FA : 0 -> 0
Jul 15, 2024 10:05:54 AM UTC:   Synchronizing memberships for ORA_PSC_PLANNING_ASSISTANT_JOB ...
Jul 15, 2024 10:05:54 AM UTC:     FA -> PS : 0 -> 0
Jul 15, 2024 10:05:54 AM UTC:     PS -> FA : 0 -> 0
Jul 15, 2024 10:05:54 AM UTC:   Synchronizing memberships for ORA_AP_ACCOUNTS_PAYABLE_INVOICE_SUPERVISOR_JOB ...
Jul 15, 2024 10:05:54 AM UTC:     FA -> PS : 10 -> 10
Jul 15, 2024 10:05:54 AM UTC:     PS -> FA : 10 -> 10
Jul 15, 2024 10:05:54 AM UTC:   Synchronizing memberships for ORA_CSO_KNOWLEDGE_SEARCH_SERVICE_JOB ...
Jul 15, 2024 10:05:54 AM UTC:     FA -> PS : 0 -> 0
Jul 15, 2024 10:05:54 AM UTC:     PS -> FA : 0 -> 0
Jul 15, 2024 10:05:54 AM UTC:   Synchronizing memberships for CUSTOM_PSC_VIEW_BL ...
Jul 15, 2024 10:05:54 AM UTC:     FA -> PS : 0 -> 0
Jul 15, 2024 10:05:54 AM UTC:     PS -> FA : 0 -> 0
Jul 15, 2024 10:05:54 AM UTC:   Synchronizing memberships for ORA_ACA_SUPPLIER_PRODUCT_DESIGN_ENGINEER_JOB ...
Jul 15, 2024 10:05:54 AM UTC:     FA -> PS : 0 -> 0
Jul 15, 2024 10:05:54 AM UTC:     PS -> FA : 0 -> 0
Jul 15, 2024 10:05:54 AM UTC:   Synchronizing memberships for ORA_INV_WAREHOUSE_MANAGER_JOB ...
Jul 15, 2024 10:05:54 AM UTC:     FA -> PS : 58 -> 58
Jul 15, 2024 10:05:54 AM UTC:     PS -> FA : 58 -> 58
Jul 15, 2024 10:05:54 AM UTC:   Synchronizing memberships for ORA_PSC_TREASURY_SUPERVISOR_JOB ...
Jul 15, 2024 10:05:54 AM UTC:     FA -> PS : 0 -> 0
Jul 15, 2024 10:05:54 AM UTC:     PS -> FA : 0 -> 0
Jul 15, 2024 10:05:54 AM UTC:   Synchronizing memberships for ORA_CRM_EXTN_PRIVILEGE_SCRIPT_ROLE ...
Jul 15, 2024 10:05:54 AM UTC:     FA -> PS : 1 -> 1
Jul 15, 2024 10:05:54 AM UTC:     PS -> FA : 1 -> 1
Jul 15, 2024 10:05:54 AM UTC:   Synchronizing memberships for CUSTOM_PSC_MANAGE_PNZ_HFP ...
Jul 15, 2024 10:05:54 AM UTC:     FA -> PS : 0 -> 0
Jul 15, 2024 10:05:54 AM UTC:     PS -> FA : 0 -> 0
Jul 15, 2024 10:05:54 AM UTC:   Synchronizing memberships for ORA_PSC_PLAN_REVIEWER_JOB ...
Jul 15, 2024 10:05:54 AM UTC:     FA -> PS : 0 -> 0
Jul 15, 2024 10:05:54 AM UTC:     PS -> FA : 0 -> 0
Jul 15, 2024 10:05:54 AM UTC:   Synchronizing memberships for ORA_PAY_PAYROLL_MANAGER_JOB ...
Jul 15, 2024 10:05:54 AM UTC:     FA -> PS : 0 -> 0
Jul 15, 2024 10:05:54 AM UTC:     PS -> FA : 0 -> 0
Jul 15, 2024 10:05:54 AM UTC:   Synchronizing memberships for ORA_SVC_INTERNAL_HELP_DESK_USER_JOB ...
Jul 15, 2024 10:05:54 AM UTC:     FA -> PS : 0 -> 0
Jul 15, 2024 10:05:54 AM UTC:     PS -> FA : 0 -> 0
Jul 15, 2024 10:05:54 AM UTC:   Synchronizing memberships for ORA_MNT_MAINTENANCE_MANAGER_JOB ...
Jul 15, 2024 10:05:54 AM UTC:     FA -> PS : 0 -> 0
Jul 15, 2024 10:05:54 AM UTC:     PS -> FA : 0 -> 0
Jul 15, 2024 10:05:54 AM UTC:   Synchronizing memberships for ORA_CE_TREASURY_ANALYST_JOB ...
Jul 15, 2024 10:05:54 AM UTC:     FA -> PS : 0 -> 0
Jul 15, 2024 10:05:54 AM UTC:     PS -> FA : 0 -> 0
Jul 15, 2024 10:05:54 AM UTC:   Synchronizing memberships for ORA_SVC_CHAT_AGENT_ABSTRACT ...
Jul 15, 2024 10:05:54 AM UTC:     FA -> PS : 0 -> 0
Jul 15, 2024 10:05:54 AM UTC:     PS -> FA : 0 -> 0
Jul 15, 2024 10:05:54 AM UTC:   Synchronizing memberships for ORA_POR_ADVANCED_PROCUREMENT_REQUESTER_ABSTRACT ...
Jul 15, 2024 10:05:54 AM UTC:     FA -> PS : 93 -> 93
Jul 15, 2024 10:05:54 AM UTC:     PS -> FA : 93 -> 93
Jul 15, 2024 10:05:54 AM UTC:   Synchronizing memberships for ORA_SVC_HUMAN_RESOURCE_HELP_DESK_AGENT_JOB ...
Jul 15, 2024 10:05:54 AM UTC:     FA -> PS : 0 -> 0
Jul 15, 2024 10:05:54 AM UTC:     PS -> FA : 0 -> 0
Jul 15, 2024 10:05:54 AM UTC:   Synchronizing memberships for ORA_PER_EXECUTIVE_MANAGER_ABSTRACT ...
Jul 15, 2024 10:05:54 AM UTC:     FA -> PS : 0 -> 0
Jul 15, 2024 10:05:54 AM UTC:     PS -> FA : 0 -> 0
Jul 15, 2024 10:05:54 AM UTC:   Synchronizing memberships for ORA_PSC_ECONOMIC_DEV_OFFICER_JOB ...
Jul 15, 2024 10:05:54 AM UTC:     FA -> PS : 0 -> 0
Jul 15, 2024 10:05:54 AM UTC:     PS -> FA : 0 -> 0
Jul 15, 2024 10:05:54 AM UTC:   Synchronizing memberships for ORA_ZUP_CONNECTOR_ADMINISTRATOR_JOB ...
Jul 15, 2024 10:05:54 AM UTC:     FA -> PS : 0 -> 0
Jul 15, 2024 10:05:54 AM UTC:     PS -> FA : 0 -> 0
Jul 15, 2024 10:05:54 AM UTC:   Synchronizing memberships for ORA_AR_ACCOUNTS_RECEIVABLE_SPECIALIST_SOD_JOB ...
Jul 15, 2024 10:05:54 AM UTC:     FA -> PS : 1 -> 1
Jul 15, 2024 10:05:54 AM UTC:     PS -> FA : 1 -> 1
Jul 15, 2024 10:05:54 AM UTC:   Synchronizing memberships for ORA_HER_REGISTRAR_JOB ...
Jul 15, 2024 10:05:54 AM UTC:     FA -> PS : 0 -> 0
Jul 15, 2024 10:05:54 AM UTC:     PS -> FA : 0 -> 0
Jul 15, 2024 10:05:54 AM UTC:   Synchronizing memberships for ORA_PER_HUMAN_RESOURCE_SPECIALIST_JOB ...
Jul 15, 2024 10:05:54 AM UTC:     FA -> PS : 1 -> 1
Jul 15, 2024 10:05:54 AM UTC:     PS -> FA : 1 -> 1
Jul 15, 2024 10:05:54 AM UTC:   Synchronizing memberships for ORA_FV_FEDERAL_BUDGET_MANAGER_JOB ...
Jul 15, 2024 10:05:54 AM UTC:     FA -> PS : 0 -> 0
Jul 15, 2024 10:05:55 AM UTC:     PS -> FA : 0 -> 0
Jul 15, 2024 10:05:55 AM UTC:   Synchronizing memberships for ORA_SYNC_ENABLED_ADMINISTRATOR_ABSTRACT ...
Jul 15, 2024 10:05:55 AM UTC:     FA -> PS : 0 -> 0
Jul 15, 2024 10:05:55 AM UTC:     PS -> FA : 0 -> 0
Jul 15, 2024 10:05:55 AM UTC:   Synchronizing memberships for ORA_MSC_SUPPLY_CHAIN_PLANNER_JOB ...
Jul 15, 2024 10:05:55 AM UTC:     FA -> PS : 44 -> 44
Jul 15, 2024 10:05:55 AM UTC:     PS -> FA : 44 -> 44
Jul 15, 2024 10:05:55 AM UTC:   Synchronizing memberships for ORA_HES_EXTERNAL_PAYMENT_SERVICE_PROVIDER_JOB ...
Jul 15, 2024 10:05:55 AM UTC:     FA -> PS : 0 -> 0
Jul 15, 2024 10:05:55 AM UTC:     PS -> FA : 0 -> 0
Jul 15, 2024 10:05:55 AM UTC:   Synchronizing memberships for ORA_SVC_CUSTOMER_SELF_SERVICE_PROXY_ANONYMOUS_USER_ABSTRACT ...
Jul 15, 2024 10:05:55 AM UTC:     FA -> PS : 0 -> 0
Jul 15, 2024 10:05:55 AM UTC:     PS -> FA : 0 -> 0
Jul 15, 2024 10:05:55 AM UTC:   Synchronizing memberships for ORA_SVC_INTERNAL_HELP_DESK_MANAGER_JOB ...
Jul 15, 2024 10:05:55 AM UTC:     FA -> PS : 0 -> 0
Jul 15, 2024 10:05:55 AM UTC:     PS -> FA : 0 -> 0
Jul 15, 2024 10:05:55 AM UTC:   Synchronizing memberships for ORA_OKC_BUSINESS_PRACTICES_DIRECTOR_JOB ...
Jul 15, 2024 10:05:55 AM UTC:     FA -> PS : 0 -> 0
Jul 15, 2024 10:05:55 AM UTC:     PS -> FA : 0 -> 0
Jul 15, 2024 10:05:55 AM UTC:   Synchronizing memberships for ORA_WIE_PRODUCTION_SUPERVISOR_JOB ...
Jul 15, 2024 10:05:55 AM UTC:     FA -> PS : 62 -> 62
Jul 15, 2024 10:05:55 AM UTC:     PS -> FA : 62 -> 62
Jul 15, 2024 10:05:55 AM UTC:   Synchronizing memberships for ORA_SVC_CUSTOMER_SERVICE_MANAGER_JOB ...
Jul 15, 2024 10:05:55 AM UTC:     FA -> PS : 0 -> 0
Jul 15, 2024 10:05:55 AM UTC:     PS -> FA : 0 -> 0
Jul 15, 2024 10:05:55 AM UTC:   Synchronizing memberships for ORA_PSC_TREASURY_ADMINISTRATOR_JOB ...
Jul 15, 2024 10:05:55 AM UTC:     FA -> PS : 0 -> 0
Jul 15, 2024 10:05:55 AM UTC:     PS -> FA : 0 -> 0
Jul 15, 2024 10:05:55 AM UTC:   Synchronizing memberships for ORA_AP_ACCOUNTS_PAYABLE_SPECIALIST_JOB ...
Jul 15, 2024 10:05:55 AM UTC:     FA -> PS : 25 -> 25
Jul 15, 2024 10:05:55 AM UTC:     PS -> FA : 25 -> 25
Jul 15, 2024 10:05:55 AM UTC:   Synchronizing memberships for ORA_EHW_EMPLOYEE_WELLNESS_MANAGER_JOB ...
Jul 15, 2024 10:05:55 AM UTC:     FA -> PS : 0 -> 0
Jul 15, 2024 10:05:55 AM UTC:     PS -> FA : 0 -> 0
Jul 15, 2024 10:05:55 AM UTC:   Synchronizing memberships for ORA_SVC_ENGAGEMENT_CHANNEL_APPLICATION_ADMINISTRATOR_JOB ...
Jul 15, 2024 10:05:55 AM UTC:     FA -> PS : 0 -> 0
Jul 15, 2024 10:05:55 AM UTC:     PS -> FA : 0 -> 0
Jul 15, 2024 10:05:55 AM UTC:   Synchronizing memberships for ORA_ZBS_INSIDE_SALES_MANAGER_JOB ...
Jul 15, 2024 10:05:55 AM UTC:     FA -> PS : 0 -> 0
Jul 15, 2024 10:05:55 AM UTC:     PS -> FA : 0 -> 0
Jul 15, 2024 10:05:55 AM UTC:   Synchronizing memberships for ORA_XCC_BUDGET_MANAGER_JOB ...
Jul 15, 2024 10:05:55 AM UTC:     FA -> PS : 0 -> 0
Jul 15, 2024 10:05:55 AM UTC:     PS -> FA : 0 -> 0
Jul 15, 2024 10:05:55 AM UTC:   Synchronizing memberships for ORA_CRM_EXTN_ROLE ...
Jul 15, 2024 10:05:55 AM UTC:     FA -> PS : 1 -> 1
Jul 15, 2024 10:05:55 AM UTC:     PS -> FA : 1 -> 1
Jul 15, 2024 10:05:55 AM UTC:   Synchronizing memberships for ORA_POS_SUPPLIER_SELF_SERVICE_CLERK_ABSTRACT ...
Jul 15, 2024 10:05:55 AM UTC:     FA -> PS : 0 -> 0
Jul 15, 2024 10:05:55 AM UTC:     PS -> FA : 0 -> 0
Jul 15, 2024 10:05:55 AM UTC:   Synchronizing memberships for ORA_PSC_PERMITS_APPLICATION_ADMINISTRATOR_JOB ...
Jul 15, 2024 10:05:55 AM UTC:     FA -> PS : 0 -> 0
Jul 15, 2024 10:05:55 AM UTC:     PS -> FA : 0 -> 0
Jul 15, 2024 10:05:55 AM UTC:   Synchronizing memberships for ORA_ZPM_CHANNEL_SALES_DIRECTOR_JOB ...
Jul 15, 2024 10:05:55 AM UTC:     FA -> PS : 0 -> 0
Jul 15, 2024 10:05:55 AM UTC:     PS -> FA : 0 -> 0
Jul 15, 2024 10:05:55 AM UTC:   Synchronizing memberships for ORA_JV_JOINT_VENTURE_APPLICATION_ADMINISTRATOR_JOB ...
Jul 15, 2024 10:05:55 AM UTC:     FA -> PS : 0 -> 0
Jul 15, 2024 10:05:55 AM UTC:     PS -> FA : 0 -> 0
Jul 15, 2024 10:05:55 AM UTC:   Synchronizing memberships for ORA_AP_ACCOUNTS_PAYABLE_SUPERVISOR_JOB ...
Jul 15, 2024 10:05:55 AM UTC:     FA -> PS : 25 -> 25
Jul 15, 2024 10:05:55 AM UTC:     PS -> FA : 25 -> 25
Jul 15, 2024 10:05:55 AM UTC:   Synchronizing memberships for ORA_GTR_USER_ACCESS_CERTIFICATION_MANAGER_JOB ...
Jul 15, 2024 10:05:55 AM UTC:     FA -> PS : 0 -> 0
Jul 15, 2024 10:05:55 AM UTC:     PS -> FA : 0 -> 0
Jul 15, 2024 10:05:55 AM UTC:   Synchronizing memberships for ORA_JV_JOINT_VENTURE_ACCOUNTING_MANAGER_JOB ...
Jul 15, 2024 10:05:55 AM UTC:     FA -> PS : 0 -> 0
Jul 15, 2024 10:05:55 AM UTC:     PS -> FA : 0 -> 0
Jul 15, 2024 10:05:55 AM UTC:   Synchronizing memberships for ORA_CJM_CUSTOMER_CHANNEL_PROGRAM_MANAGER_JOB ...
Jul 15, 2024 10:05:55 AM UTC:     FA -> PS : 0 -> 0
Jul 15, 2024 10:05:55 AM UTC:     PS -> FA : 0 -> 0
Jul 15, 2024 10:05:55 AM UTC:   Synchronizing memberships for CUSTOM_PSC_CREATE_CE_CASE ...
Jul 15, 2024 10:05:55 AM UTC:     FA -> PS : 0 -> 0
Jul 15, 2024 10:05:55 AM UTC:     PS -> FA : 0 -> 0
Jul 15, 2024 10:05:55 AM UTC:   Synchronizing memberships for ORA_INV_SUPPLIER_INVENTORY_MANAGER_JOB ...
Jul 15, 2024 10:05:55 AM UTC:     FA -> PS : 0 -> 0
Jul 15, 2024 10:05:55 AM UTC:     PS -> FA : 0 -> 0
Jul 15, 2024 10:05:55 AM UTC:   Synchronizing memberships for ORA_POR_PROCUREMENT_PREPARER_ABSTRACT ...
Jul 15, 2024 10:05:55 AM UTC:     FA -> PS : 154 -> 154
Jul 15, 2024 10:05:55 AM UTC:     PS -> FA : 154 -> 154
Jul 15, 2024 10:05:55 AM UTC:   Synchronizing memberships for ORA_ENQ_QUALITY_ANALYST_JOB ...
Jul 15, 2024 10:05:55 AM UTC:     FA -> PS : 1 -> 1
Jul 15, 2024 10:05:55 AM UTC:     PS -> FA : 1 -> 1
Jul 15, 2024 10:05:55 AM UTC:   Synchronizing memberships for ORA_FUN_INTERCOMPANY_ACCOUNTANT_JOB ...
Jul 15, 2024 10:05:55 AM UTC:     FA -> PS : 10 -> 10
Jul 15, 2024 10:05:55 AM UTC:     PS -> FA : 10 -> 10
Jul 15, 2024 10:05:55 AM UTC:   Synchronizing memberships for ORA_PSC_SYSTEM_ADMINISTRATOR_JOB ...
Jul 15, 2024 10:05:55 AM UTC:     FA -> PS : 0 -> 0
Jul 15, 2024 10:05:55 AM UTC:     PS -> FA : 0 -> 0
Jul 15, 2024 10:05:55 AM UTC:   Synchronizing memberships for ORA_HES_STUDENT_SPONSORSHIP_ADMINISTRATOR_JOB ...
Jul 15, 2024 10:05:55 AM UTC:     FA -> PS : 0 -> 0
Jul 15, 2024 10:05:55 AM UTC:     PS -> FA : 0 -> 0
Jul 15, 2024 10:05:55 AM UTC:   Synchronizing memberships for ORA_MSC_SALES_AND_OPERATIONS_PLANNER_JOB ...
Jul 15, 2024 10:05:55 AM UTC:     FA -> PS : 0 -> 0
Jul 15, 2024 10:05:55 AM UTC:     PS -> FA : 0 -> 0
Jul 15, 2024 10:05:55 AM UTC:   Synchronizing memberships for ORA_PSC_PLANNING_AND_ZONING_APPLICATION_ADMINISTRATOR_JOB ...
Jul 15, 2024 10:05:55 AM UTC:     FA -> PS : 0 -> 0
Jul 15, 2024 10:05:55 AM UTC:     PS -> FA : 0 -> 0
Jul 15, 2024 10:05:55 AM UTC:   Synchronizing memberships for CUSTOM_PSCR_OIC_PROXY_USER ...
Jul 15, 2024 10:05:55 AM UTC:     FA -> PS : 0 -> 0
Jul 15, 2024 10:05:55 AM UTC:     PS -> FA : 0 -> 0
Jul 15, 2024 10:05:55 AM UTC:   Synchronizing memberships for ORA_MSC_ORDER_PROMISING_MANAGER_JOB ...
Jul 15, 2024 10:05:55 AM UTC:     FA -> PS : 8 -> 7
Jul 15, 2024 10:05:55 AM UTC:     PS -> FA : 7 -> 8
Jul 15, 2024 10:05:55 AM UTC:   Synchronizing memberships for ORA_OKC_ENTERPRISE_CONTRACT_TEAM_MEMBER_ABSTRACT ...
Jul 15, 2024 10:05:55 AM UTC:     FA -> PS : 0 -> 0
Jul 15, 2024 10:05:55 AM UTC:     PS -> FA : 0 -> 0
Jul 15, 2024 10:05:55 AM UTC:   Synchronizing memberships for ORA_EXM_EXPENSE_MANAGER_JOB ...
Jul 15, 2024 10:05:56 AM UTC:     FA -> PS : 2 -> 2
Jul 15, 2024 10:05:56 AM UTC:     PS -> FA : 2 -> 2
Jul 15, 2024 10:05:56 AM UTC:   Synchronizing memberships for ORA_PER_HUMAN_RESOURCE_MANAGER_JOB ...
Jul 15, 2024 10:05:56 AM UTC:     FA -> PS : 3 -> 3
Jul 15, 2024 10:05:56 AM UTC:     PS -> FA : 3 -> 3
Jul 15, 2024 10:05:56 AM UTC:   Synchronizing memberships for CUSTOM_PSC_ADMINISTER_WORKFLOW ...
Jul 15, 2024 10:05:56 AM UTC:     FA -> PS : 0 -> 0
Jul 15, 2024 10:05:56 AM UTC:     PS -> FA : 0 -> 0
Jul 15, 2024 10:05:56 AM UTC:   Synchronizing memberships for CUSTOM_PSC_MANAGE_PRGCE_AGENCY ...
Jul 15, 2024 10:05:56 AM UTC:     FA -> PS : 0 -> 0
Jul 15, 2024 10:05:56 AM UTC:     PS -> FA : 0 -> 0
Jul 15, 2024 10:05:56 AM UTC:   Synchronizing memberships for ORA_PO_PURCHASE_ANALYSIS_ABSTRACT ...
Jul 15, 2024 10:05:56 AM UTC:     FA -> PS : 0 -> 0
Jul 15, 2024 10:05:56 AM UTC:     PS -> FA : 0 -> 0
Jul 15, 2024 10:05:56 AM UTC:   Synchronizing memberships for ORA_VCS_CUSTOMER_DEMAND_PLANNER_JOB ...
Jul 15, 2024 10:05:56 AM UTC:     FA -> PS : 0 -> 0
Jul 15, 2024 10:05:56 AM UTC:     PS -> FA : 0 -> 0
Jul 15, 2024 10:05:56 AM UTC:   Synchronizing memberships for ORA_PJF_PROJECT_MANAGEMENT_DUTY_ABSTRACT ...
Jul 15, 2024 10:05:56 AM UTC:     FA -> PS : 0 -> 0
Jul 15, 2024 10:05:56 AM UTC:     PS -> FA : 0 -> 0
Jul 15, 2024 10:05:56 AM UTC:   Synchronizing memberships for ORA_POS_SUPPLIER_ACCOUNTS_RECEIVABLE_SPECIALIST_JOB ...
Jul 15, 2024 10:05:56 AM UTC:     FA -> PS : 0 -> 0
Jul 15, 2024 10:05:56 AM UTC:     PS -> FA : 0 -> 0
Jul 15, 2024 10:05:56 AM UTC:   Synchronizing memberships for ORA_POZ_SUPPLIER_INTELLIGENCE_DISCRETIONARY ...
Jul 15, 2024 10:05:56 AM UTC:     FA -> PS : 0 -> 0
Jul 15, 2024 10:05:56 AM UTC:     PS -> FA : 0 -> 0
Jul 15, 2024 10:05:56 AM UTC:   Synchronizing memberships for ORA_ASM_EXPORT_IMPORT_FUNCTIONAL_SETUPS_USER ...
Jul 15, 2024 10:05:56 AM UTC:     FA -> PS : 1 -> 1
Jul 15, 2024 10:05:56 AM UTC:     PS -> FA : 1 -> 1
Jul 15, 2024 10:05:56 AM UTC:   Synchronizing memberships for ORA_RCS_SUPPLY_CHAIN_APPLICATION_ADMINISTRATOR_JOB ...
Jul 15, 2024 10:05:56 AM UTC:     FA -> PS : 30 -> 30
Jul 15, 2024 10:05:56 AM UTC:     PS -> FA : 30 -> 30
Jul 15, 2024 10:05:56 AM UTC:   Synchronizing memberships for ORA_CRM_EXTN_ENTERPRISE_SCHEDULER_ROLE ...
Jul 15, 2024 10:05:56 AM UTC:     FA -> PS : 1 -> 1
Jul 15, 2024 10:05:56 AM UTC:     PS -> FA : 1 -> 1
Jul 15, 2024 10:05:56 AM UTC:   Synchronizing memberships for ORA_PSC_CODE_ENFORCEMENT_OFFICER_JOB ...
Jul 15, 2024 10:05:56 AM UTC:     FA -> PS : 0 -> 0
Jul 15, 2024 10:05:56 AM UTC:     PS -> FA : 0 -> 0
Jul 15, 2024 10:05:56 AM UTC:   Synchronizing memberships for ORA_PSC_ASSOCIATE_PLANNER_JOB ...
Jul 15, 2024 10:05:56 AM UTC:     FA -> PS : 0 -> 0
Jul 15, 2024 10:05:56 AM UTC:     PS -> FA : 0 -> 0
Jul 15, 2024 10:05:56 AM UTC:   Synchronizing memberships for ORA_SVC_CUSTOMER_SELF_SERVICE_ACCOUNT_ADMINISTRATOR_ABSTRACT ...
Jul 15, 2024 10:05:56 AM UTC:     FA -> PS : 0 -> 0
Jul 15, 2024 10:05:56 AM UTC:     PS -> FA : 0 -> 0
Jul 15, 2024 10:05:56 AM UTC:   Synchronizing memberships for ORA_CMP_COMPENSATION_ADMINISTRATOR_JOB ...
Jul 15, 2024 10:05:56 AM UTC:     FA -> PS : 0 -> 0
Jul 15, 2024 10:05:56 AM UTC:     PS -> FA : 0 -> 0
Jul 15, 2024 10:05:56 AM UTC:   Synchronizing memberships for ORA_BEN_BENEFITS_SPECIALIST_JOB ...
Jul 15, 2024 10:05:56 AM UTC:     FA -> PS : 0 -> 0
Jul 15, 2024 10:05:56 AM UTC:     PS -> FA : 0 -> 0
Jul 15, 2024 10:05:56 AM UTC:   Synchronizing memberships for ORA_CMK_B2B_ADMINISTRATOR_ABSTRACT ...
Jul 15, 2024 10:05:56 AM UTC:     FA -> PS : 0 -> 0
Jul 15, 2024 10:05:56 AM UTC:     PS -> FA : 0 -> 0
Jul 15, 2024 10:05:56 AM UTC:   Synchronizing memberships for ORA_RCV_RECEIVING_AGENT_JOB ...
Jul 15, 2024 10:05:56 AM UTC:     FA -> PS : 73 -> 73
Jul 15, 2024 10:05:56 AM UTC:     PS -> FA : 73 -> 73
Jul 15, 2024 10:05:56 AM UTC:   Synchronizing memberships for ORA_DOS_SUPPLY_CHAIN_OPERATIONS_MANAGER_JOB ...
Jul 15, 2024 10:05:56 AM UTC:     FA -> PS : 49 -> 49
Jul 15, 2024 10:05:56 AM UTC:     PS -> FA : 49 -> 49
Jul 15, 2024 10:05:56 AM UTC:   Synchronizing memberships for CUSTOM_PSC_APPLY_PNZ_DATA ...
Jul 15, 2024 10:05:56 AM UTC:     FA -> PS : 0 -> 0
Jul 15, 2024 10:05:56 AM UTC:     PS -> FA : 0 -> 0
Jul 15, 2024 10:05:56 AM UTC:   Synchronizing memberships for ORA_SVC_INTERNAL_HELP_DESK_AGENT_JOB ...
Jul 15, 2024 10:05:56 AM UTC:     FA -> PS : 0 -> 0
Jul 15, 2024 10:05:56 AM UTC:     PS -> FA : 0 -> 0
Jul 15, 2024 10:05:56 AM UTC:   Synchronizing memberships for ORA_PSC_PERMITS_SUPERVISOR_JOB ...
Jul 15, 2024 10:05:56 AM UTC:     FA -> PS : 0 -> 0
Jul 15, 2024 10:05:56 AM UTC:     PS -> FA : 0 -> 0
Jul 15, 2024 10:05:56 AM UTC:   Synchronizing memberships for ORA_PER_HUMAN_RESOURCE_ANALYST_JOB ...
Jul 15, 2024 10:05:56 AM UTC:     FA -> PS : 1 -> 1
Jul 15, 2024 10:05:56 AM UTC:     PS -> FA : 1 -> 1
Jul 15, 2024 10:05:56 AM UTC:   Synchronizing memberships for ORA_SVC_FIELD_SERVICE_TECHNICIAN_JOB ...
Jul 15, 2024 10:05:56 AM UTC:     FA -> PS : 0 -> 0
Jul 15, 2024 10:05:56 AM UTC:     PS -> FA : 0 -> 0
Jul 15, 2024 10:05:56 AM UTC:   Synchronizing memberships for ORA_QSC_SALES_PRODUCT_MANAGER_JOB ...
Jul 15, 2024 10:05:56 AM UTC:     FA -> PS : 0 -> 0
Jul 15, 2024 10:05:56 AM UTC:     PS -> FA : 0 -> 0
Jul 15, 2024 10:05:56 AM UTC:   Synchronizing memberships for ORA_PO_PROCUREMENT_INTEGRATION_SPECIALIST_JOB ...
Jul 15, 2024 10:05:56 AM UTC:     FA -> PS : 25 -> 25
Jul 15, 2024 10:05:56 AM UTC:     PS -> FA : 25 -> 25
Jul 15, 2024 10:05:56 AM UTC:   Synchronizing memberships for ORA_WIS_MANUFACTURING_ENGINEER_JOB ...
Jul 15, 2024 10:05:56 AM UTC:     FA -> PS : 55 -> 55
Jul 15, 2024 10:05:56 AM UTC:     PS -> FA : 55 -> 55
Jul 15, 2024 10:05:56 AM UTC:   Synchronizing memberships for ORA_PON_CATEGORY_MANAGER_JOB ...
Jul 15, 2024 10:05:56 AM UTC:     FA -> PS : 22 -> 22
Jul 15, 2024 10:05:56 AM UTC:     PS -> FA : 22 -> 22
Jul 15, 2024 10:05:56 AM UTC:   Synchronizing memberships for ORA_CZ_PRODUCT_CONFIGURATOR_MANAGER_JOB ...
Jul 15, 2024 10:05:57 AM UTC:     FA -> PS : 0 -> 0
Jul 15, 2024 10:05:57 AM UTC:     PS -> FA : 0 -> 0
Jul 15, 2024 10:05:57 AM UTC:   Synchronizing memberships for ORA_CN_INCENTIVE_COMPENSATION_INTEGRATION_SPECIALIST_JOB ...
Jul 15, 2024 10:05:57 AM UTC:     FA -> PS : 0 -> 0
Jul 15, 2024 10:05:57 AM UTC:     PS -> FA : 0 -> 0
Jul 15, 2024 10:05:57 AM UTC:   Synchronizing memberships for ORA_UER_UTILITIES_KEY_ACCOUNT_ADMINISTRATOR_JOB ...
Jul 15, 2024 10:05:57 AM UTC:     FA -> PS : 0 -> 0
Jul 15, 2024 10:05:57 AM UTC:     PS -> FA : 0 -> 0
Jul 15, 2024 10:05:57 AM UTC:   Synchronizing memberships for ORA_PSC_INSPECTIONS_SUPERVISOR_JOB ...
Jul 15, 2024 10:05:57 AM UTC:     FA -> PS : 0 -> 0
Jul 15, 2024 10:05:57 AM UTC:     PS -> FA : 0 -> 0
Jul 15, 2024 10:05:57 AM UTC:   Synchronizing memberships for ORA_CMR_RECEIPT_ACCOUNTING_DISCRETIONARY ...
Jul 15, 2024 10:05:57 AM UTC:     FA -> PS : 55 -> 55
Jul 15, 2024 10:05:57 AM UTC:     PS -> FA : 55 -> 55
Jul 15, 2024 10:05:57 AM UTC:   Synchronizing memberships for ORA_SVC_HUMAN_RESOURCE_HELP_DESK_USER_JOB ...
Jul 15, 2024 10:05:57 AM UTC:     FA -> PS : 0 -> 0
Jul 15, 2024 10:05:57 AM UTC:     PS -> FA : 0 -> 0
Jul 15, 2024 10:05:57 AM UTC:   Synchronizing memberships for ORA_SVC_HUMAN_RESOURCE_HELP_DESK_MANAGER_JOB ...
Jul 15, 2024 10:05:57 AM UTC:     FA -> PS : 0 -> 0
Jul 15, 2024 10:05:57 AM UTC:     PS -> FA : 0 -> 0
Jul 15, 2024 10:05:57 AM UTC:   Synchronizing memberships for CUSTOM_PSC_CREATE_CE_INCIDENT ...
Jul 15, 2024 10:05:57 AM UTC:     FA -> PS : 0 -> 0
Jul 15, 2024 10:05:57 AM UTC:     PS -> FA : 0 -> 0
Jul 15, 2024 10:05:57 AM UTC:   Synchronizing memberships for ORA_FND_INTEGRATION_SPECIALIST_JOB ...
Jul 15, 2024 10:05:57 AM UTC:     FA -> PS : 3 -> 4
Jul 15, 2024 10:05:57 AM UTC:     PS -> FA : 4 -> 3
Jul 15, 2024 10:05:57 AM UTC:   Synchronizing memberships for ORA_UER_UTILITIES_KEY_ACCOUNT_MANAGER_FOR_SERVICE_JOB ...
Jul 15, 2024 10:05:57 AM UTC:     FA -> PS : 0 -> 0
Jul 15, 2024 10:05:57 AM UTC:     PS -> FA : 0 -> 0
Jul 15, 2024 10:05:57 AM UTC:   Synchronizing memberships for ORA_JV_JOINT_VENTURE_ACCOUNTANT_JOB ...
Jul 15, 2024 10:05:57 AM UTC:     FA -> PS : 0 -> 0
Jul 15, 2024 10:05:57 AM UTC:     PS -> FA : 0 -> 0
Jul 15, 2024 10:05:57 AM UTC:   Synchronizing memberships for ORA_GTG_RISK_ADMINISTRATOR_JOB ...
Jul 15, 2024 10:05:57 AM UTC:     FA -> PS : 0 -> 0
Jul 15, 2024 10:05:57 AM UTC:     PS -> FA : 0 -> 0
Jul 15, 2024 10:05:57 AM UTC:   Synchronizing memberships for ORA_HER_ACADEMIC_COORDINATOR_JOB ...
Jul 15, 2024 10:05:57 AM UTC:     FA -> PS : 0 -> 0
Jul 15, 2024 10:05:57 AM UTC:     PS -> FA : 0 -> 0
Jul 15, 2024 10:05:57 AM UTC:   Synchronizing memberships for ORA_VRM_REVENUE_ANALYST_JOB ...
Jul 15, 2024 10:05:57 AM UTC:     FA -> PS : 2 -> 2
Jul 15, 2024 10:05:57 AM UTC:     PS -> FA : 2 -> 2
Jul 15, 2024 10:05:57 AM UTC:   Synchronizing memberships for ORA_CSO_KNOWLEDGE_SEARCH_HCM_JOB ...
Jul 15, 2024 10:05:57 AM UTC:     FA -> PS : 0 -> 0
Jul 15, 2024 10:05:57 AM UTC:     PS -> FA : 0 -> 0
Jul 15, 2024 10:05:57 AM UTC:   Synchronizing memberships for ORA_POR_PROCUREMENT_CATALOG_ADMINISTRATOR_ABSTRACT ...
Jul 15, 2024 10:05:57 AM UTC:     FA -> PS : 36 -> 36
Jul 15, 2024 10:05:57 AM UTC:     PS -> FA : 36 -> 36
Jul 15, 2024 10:05:57 AM UTC:   Synchronizing memberships for ORA_MKT_MARKETING_VP_JOB ...
Jul 15, 2024 10:05:57 AM UTC:     FA -> PS : 0 -> 0
Jul 15, 2024 10:05:57 AM UTC:     PS -> FA : 0 -> 0
Jul 15, 2024 10:05:57 AM UTC:   Synchronizing memberships for ORA_PON_SOURCING_PROJECT_COLLABORATOR_ABSTRACT ...
Jul 15, 2024 10:05:57 AM UTC:     FA -> PS : 0 -> 0
Jul 15, 2024 10:05:57 AM UTC:     PS -> FA : 0 -> 0
Jul 15, 2024 10:05:57 AM UTC:   Synchronizing memberships for ORA_SVC_HUMAN_RESOURCE_HELP_DESK_AGENT_NG_JOB ...
Jul 15, 2024 10:05:57 AM UTC:     FA -> PS : 0 -> 0
Jul 15, 2024 10:05:57 AM UTC:     PS -> FA : 0 -> 0
Jul 15, 2024 10:05:57 AM UTC:   Synchronizing memberships for ORA_INV_WAREHOUSE_OPERATOR_JOB ...
Jul 15, 2024 10:05:57 AM UTC:     FA -> PS : 59 -> 59
Jul 15, 2024 10:05:57 AM UTC:     PS -> FA : 59 -> 59
Jul 15, 2024 10:05:57 AM UTC:   Synchronizing memberships for ORA_FND_CASB_AUDIT_ACCESS_DISCRETIONARY_DISCRETIONARY ...
Jul 15, 2024 10:05:57 AM UTC:     FA -> PS : 0 -> 0
Jul 15, 2024 10:05:57 AM UTC:     PS -> FA : 0 -> 0
Jul 15, 2024 10:05:57 AM UTC:   Synchronizing memberships for ORA_OSS_SUBSCRIPTION_SPECIALIST_JOB ...
Jul 15, 2024 10:05:57 AM UTC:     FA -> PS : 0 -> 0
Jul 15, 2024 10:05:57 AM UTC:     PS -> FA : 0 -> 0
Jul 15, 2024 10:05:57 AM UTC:   Synchronizing memberships for ORA_AR_BILLING_SPECIALIST_JOB ...
Jul 15, 2024 10:05:57 AM UTC:     FA -> PS : 0 -> 0
Jul 15, 2024 10:05:57 AM UTC:     PS -> FA : 0 -> 0
Jul 15, 2024 10:05:57 AM UTC:   Synchronizing memberships for ORA_FND_DIAG_ADVANCED_USER_JOB ...
Jul 15, 2024 10:05:57 AM UTC:     FA -> PS : 0 -> 0
Jul 15, 2024 10:05:57 AM UTC:     PS -> FA : 0 -> 0
Jul 15, 2024 10:05:57 AM UTC:   Synchronizing memberships for ORA_WLF_LEARNING_SPECIALIST_JOB ...
Jul 15, 2024 10:05:57 AM UTC:     FA -> PS : 0 -> 0
Jul 15, 2024 10:05:57 AM UTC:     PS -> FA : 0 -> 0
Jul 15, 2024 10:05:57 AM UTC:   Synchronizing memberships for ORA_DOO_ORDER_MANAGER_JOB ...
Jul 15, 2024 10:05:58 AM UTC:     FA -> PS : 53 -> 53
Jul 15, 2024 10:05:58 AM UTC:     PS -> FA : 53 -> 53
Jul 15, 2024 10:05:58 AM UTC:   Synchronizing memberships for CUSTOM_PSC_MANAGE_PERMITS_AGENCY ...
Jul 15, 2024 10:05:58 AM UTC:     FA -> PS : 0 -> 0
Jul 15, 2024 10:05:58 AM UTC:     PS -> FA : 0 -> 0
Jul 15, 2024 10:05:58 AM UTC:   Synchronizing memberships for ORA_ZBS_SALES_RESTRICTED_USER_JOB ...
Jul 15, 2024 10:05:58 AM UTC:     FA -> PS : 0 -> 0
Jul 15, 2024 10:05:58 AM UTC:     PS -> FA : 0 -> 0
Jul 15, 2024 10:05:58 AM UTC:   Synchronizing memberships for ORA_PSC_BUSINESS_LICENSE_SPECIALIST_JOB ...
Jul 15, 2024 10:05:58 AM UTC:     FA -> PS : 0 -> 0
Jul 15, 2024 10:05:58 AM UTC:     PS -> FA : 0 -> 0
Jul 15, 2024 10:05:58 AM UTC:   Synchronizing memberships for ORA_MSC_SUPPLY_CHAIN_PLANNING_APPLICATION_ADMINISTRATOR_JOB ...
Jul 15, 2024 10:05:58 AM UTC:     FA -> PS : 28 -> 28
Jul 15, 2024 10:05:58 AM UTC:     PS -> FA : 28 -> 28
Jul 15, 2024 10:05:58 AM UTC:   Synchronizing memberships for ORA_WIE_PRODUCTION_OPERATOR_JOB ...
Jul 15, 2024 10:05:58 AM UTC:     FA -> PS : 306 -> 306
Jul 15, 2024 10:05:58 AM UTC:     PS -> FA : 306 -> 306
Jul 15, 2024 10:05:58 AM UTC:   Synchronizing memberships for ORA_CMF_FISCAL_DOCUMENT_SPECIALIST_JOB ...
Jul 15, 2024 10:05:58 AM UTC:     FA -> PS : 0 -> 0
Jul 15, 2024 10:05:58 AM UTC:     PS -> FA : 0 -> 0
Jul 15, 2024 10:05:58 AM UTC:   Synchronizing memberships for CUSTOM_PSC_VIEW_PNZ ...
Jul 15, 2024 10:05:58 AM UTC:     FA -> PS : 0 -> 0
Jul 15, 2024 10:05:58 AM UTC:     PS -> FA : 0 -> 0
Jul 15, 2024 10:05:58 AM UTC:   Synchronizing memberships for ORA_ZPM_PARTNER_ADMINISTRATOR_LIMITED_ABSTRACT ...
Jul 15, 2024 10:05:58 AM UTC:     FA -> PS : 0 -> 0
Jul 15, 2024 10:05:58 AM UTC:     PS -> FA : 0 -> 0
Jul 15, 2024 10:05:58 AM UTC:   Synchronizing memberships for ORA_SVC_CUSTOMER_SELF_SERVICE_PROXY_ACCOUNT_ADMINISTRATOR_ABSTRACT ...
Jul 15, 2024 10:05:58 AM UTC:     FA -> PS : 0 -> 0
Jul 15, 2024 10:05:58 AM UTC:     PS -> FA : 0 -> 0
Jul 15, 2024 10:05:58 AM UTC:   Synchronizing memberships for ORA_BEN_BENEFITS_ADMINISTRATOR_JOB ...
Jul 15, 2024 10:05:58 AM UTC:     FA -> PS : 0 -> 0
Jul 15, 2024 10:05:58 AM UTC:     PS -> FA : 0 -> 0
Jul 15, 2024 10:05:58 AM UTC:   Synchronizing memberships for ORA_SVC_HUMAN_RESOURCE_HELP_DESK_ADMINISTRATOR_NG_JOB ...
Jul 15, 2024 10:05:58 AM UTC:     FA -> PS : 1 -> 2
Jul 15, 2024 10:05:58 AM UTC:     PS -> FA : 2 -> 1
Jul 15, 2024 10:05:58 AM UTC:   Synchronizing memberships for ORA_PER_CONTINGENT_WORKER_ABSTRACT ...
Jul 15, 2024 10:05:58 AM UTC:     FA -> PS : 0 -> 0
Jul 15, 2024 10:05:58 AM UTC:     PS -> FA : 0 -> 0
Jul 15, 2024 10:05:58 AM UTC:   Synchronizing memberships for ORA_ATC_COMMUNICATIONS_CUSTOMER_RELATIONSHIP_MANAGEMENT_APPLICATION_ADMINISTRATOR_JOB ...
Jul 15, 2024 10:05:58 AM UTC:     FA -> PS : 0 -> 0
Jul 15, 2024 10:05:58 AM UTC:     PS -> FA : 0 -> 0
Jul 15, 2024 10:05:58 AM UTC:   Synchronizing memberships for ORA_SVC_HUMAN_RESOURCE_HELP_DESK_ADMINISTRATOR_JOB ...
Jul 15, 2024 10:05:58 AM UTC:     FA -> PS : 0 -> 0
Jul 15, 2024 10:05:58 AM UTC:     PS -> FA : 0 -> 0
Jul 15, 2024 10:05:58 AM UTC:   Synchronizing memberships for ORA_ZPM_CHANNEL_PARTNER_MANAGER_JOB ...
Jul 15, 2024 10:05:58 AM UTC:     FA -> PS : 0 -> 0
Jul 15, 2024 10:05:58 AM UTC:     PS -> FA : 0 -> 0
Jul 15, 2024 10:05:58 AM UTC:   Synchronizing memberships for ORA_PJF_PROJECT_EXECUTIVE_JOB ...
Jul 15, 2024 10:05:58 AM UTC:     FA -> PS : 0 -> 0
Jul 15, 2024 10:05:58 AM UTC:     PS -> FA : 0 -> 0
Jul 15, 2024 10:05:58 AM UTC:   Synchronizing memberships for ORA_EXM_EXPENSE_AUDITOR_JOB ...
Jul 15, 2024 10:05:58 AM UTC:     FA -> PS : 2 -> 2
Jul 15, 2024 10:05:58 AM UTC:     PS -> FA : 2 -> 2
Jul 15, 2024 10:05:58 AM UTC:   Synchronizing memberships for ORA_ARB_CUSTOMER_ACCOUNTS_PAYABLE_SPECIALIST_JOB ...
Jul 15, 2024 10:05:58 AM UTC:     FA -> PS : 0 -> 0
Jul 15, 2024 10:05:58 AM UTC:     PS -> FA : 0 -> 0
Jul 15, 2024 10:05:58 AM UTC:   Synchronizing memberships for ORA_PJF_TEAM_COLLABORATOR_ABSTRACT ...
Jul 15, 2024 10:05:58 AM UTC:     FA -> PS : 0 -> 0
Jul 15, 2024 10:05:58 AM UTC:     PS -> FA : 0 -> 0
Jul 15, 2024 10:05:58 AM UTC:   Synchronizing memberships for ORA_CSO_KNOWLEDGE_AUTHOR_SERVICE_JOB ...
Jul 15, 2024 10:05:58 AM UTC:     FA -> PS : 0 -> 0
Jul 15, 2024 10:05:58 AM UTC:     PS -> FA : 0 -> 0
Jul 15, 2024 10:05:58 AM UTC:   Synchronizing memberships for ORA_PJF_PROJECT_BILLING_SPECIALIST_JOB ...
Jul 15, 2024 10:05:58 AM UTC:     FA -> PS : 0 -> 0
Jul 15, 2024 10:05:58 AM UTC:     PS -> FA : 0 -> 0
Jul 15, 2024 10:05:58 AM UTC:   Synchronizing memberships for ORA_HER_INSTRUCTOR_JOB ...
Jul 15, 2024 10:05:58 AM UTC:     FA -> PS : 0 -> 0
Jul 15, 2024 10:05:58 AM UTC:     PS -> FA : 0 -> 0
Jul 15, 2024 10:05:58 AM UTC:   Synchronizing memberships for ORA_PJF_GRANTS_ACCOUNTANT_JOB ...
Jul 15, 2024 10:05:58 AM UTC:     FA -> PS : 0 -> 0
Jul 15, 2024 10:05:58 AM UTC:     PS -> FA : 0 -> 0
Jul 15, 2024 10:05:58 AM UTC:   Synchronizing memberships for ORA_PER_BASIC_RECRUITER_ABSTRACT ...
Jul 15, 2024 10:05:58 AM UTC:     FA -> PS : 0 -> 0
Jul 15, 2024 10:05:58 AM UTC:     PS -> FA : 0 -> 0
Jul 15, 2024 10:05:58 AM UTC:   Synchronizing memberships for ORA_CN_INCENTIVE_COMPENSATION_PARTICIPANT_ABSTRACT ...
Jul 15, 2024 10:05:58 AM UTC:     FA -> PS : 0 -> 0
Jul 15, 2024 10:05:58 AM UTC:     PS -> FA : 0 -> 0
Jul 15, 2024 10:05:58 AM UTC:   Synchronizing memberships for ORA_IRC_RECRUITING_MANAGER_JOB ...
Jul 15, 2024 10:05:58 AM UTC:     FA -> PS : 0 -> 0
Jul 15, 2024 10:05:58 AM UTC:     PS -> FA : 0 -> 0
Jul 15, 2024 10:05:58 AM UTC:   Synchronizing memberships for ORA_ZCH_MASTER_DATA_MANAGEMENT_APPLICATION_ADMINISTRATOR_JOB ...
Jul 15, 2024 10:05:58 AM UTC:     FA -> PS : 0 -> 0
Jul 15, 2024 10:05:58 AM UTC:     PS -> FA : 0 -> 0
Jul 15, 2024 10:05:58 AM UTC:   Synchronizing memberships for CB_PER_EMPLOYEE_ABSTRACT_CUSTOM ...
Jul 15, 2024 10:05:58 AM UTC:     FA -> PS : 9 -> 9
Jul 15, 2024 10:05:58 AM UTC:     PS -> FA : 9 -> 9
Jul 15, 2024 10:05:58 AM UTC:   Synchronizing memberships for ZVD_Sales_Person_Setup_Role ...
Jul 15, 2024 10:05:58 AM UTC:     FA -> PS : 0 -> 0
Jul 15, 2024 10:05:58 AM UTC:     PS -> FA : 0 -> 0
Jul 15, 2024 10:05:58 AM UTC:   Synchronizing memberships for ZVD_ESS_Monitor_Role ...
Jul 15, 2024 10:05:58 AM UTC:     FA -> PS : 3 -> 3
Jul 15, 2024 10:05:58 AM UTC:     PS -> FA : 3 -> 3
Jul 15, 2024 10:05:58 AM UTC:   Synchronizing memberships for XXD_BI_ADMIN ...
Jul 15, 2024 10:05:58 AM UTC:     FA -> PS : 11 -> 11
Jul 15, 2024 10:05:58 AM UTC:     PS -> FA : 11 -> 11
Jul 15, 2024 10:05:58 AM UTC:   Synchronizing memberships for XXD_BPM_ADMIN ...
Jul 15, 2024 10:05:58 AM UTC:     FA -> PS : 10 -> 10
Jul 15, 2024 10:05:58 AM UTC:     PS -> FA : 10 -> 10
Jul 15, 2024 10:05:58 AM UTC:   Synchronizing memberships for XXD_MANAGE_ASL ...
Jul 15, 2024 10:05:59 AM UTC:     FA -> PS : 18 -> 18
Jul 15, 2024 10:05:59 AM UTC:     PS -> FA : 18 -> 18
Jul 15, 2024 10:05:59 AM UTC:   Synchronizing memberships for XXD_PRODUCTION_QA_ANALYST ...
Jul 15, 2024 10:05:59 AM UTC:     FA -> PS : 32 -> 32
Jul 15, 2024 10:05:59 AM UTC:     PS -> FA : 32 -> 32
Jul 15, 2024 10:05:59 AM UTC:   Synchronizing memberships for XXD_MSC_SUPPLY_CHAIN_PLANNER_JOB ...
Jul 15, 2024 10:05:59 AM UTC:     FA -> PS : 9 -> 9
Jul 15, 2024 10:05:59 AM UTC:     PS -> FA : 9 -> 9
Jul 15, 2024 10:05:59 AM UTC:   Synchronizing memberships for XXD_MANAGE_SOURCING_ASSIGNMENTS ...
Jul 15, 2024 10:05:59 AM UTC:     FA -> PS : 6 -> 6
Jul 15, 2024 10:05:59 AM UTC:     PS -> FA : 6 -> 6
Jul 15, 2024 10:05:59 AM UTC:   Synchronizing memberships for XXD_PDH_READONLY ...
Jul 15, 2024 10:05:59 AM UTC:     FA -> PS : 18 -> 18
Jul 15, 2024 10:05:59 AM UTC:     PS -> FA : 18 -> 18
Jul 15, 2024 10:05:59 AM UTC:   Synchronizing memberships for XXD_PDH_PRODUCT_MANAGEMENT ...
Jul 15, 2024 10:05:59 AM UTC:     FA -> PS : 30 -> 30
Jul 15, 2024 10:05:59 AM UTC:     PS -> FA : 30 -> 30
Jul 15, 2024 10:05:59 AM UTC:   Synchronizing memberships for XXD_EGP_ITEM_INQUIRY_DUTY ...
Jul 15, 2024 10:05:59 AM UTC:     FA -> PS : 0 -> 0
Jul 15, 2024 10:05:59 AM UTC:     PS -> FA : 0 -> 0
Jul 15, 2024 10:05:59 AM UTC:   Synchronizing memberships for XXD_HZ_INTERNAL_CONTACT_RELATIONSHIP_INFORMATION_INQUIRY_DUTY_FSCM ...
Jul 15, 2024 10:05:59 AM UTC:     FA -> PS : 0 -> 0
Jul 15, 2024 10:05:59 AM UTC:     PS -> FA : 0 -> 0
Jul 15, 2024 10:05:59 AM UTC:   Synchronizing memberships for XXD_HZ_PARTY_INFORMATION_INQUIRY_DUTY_FSCM ...
Jul 15, 2024 10:05:59 AM UTC:     FA -> PS : 0 -> 0
Jul 15, 2024 10:05:59 AM UTC:     PS -> FA : 0 -> 0
Jul 15, 2024 10:05:59 AM UTC:   Synchronizing memberships for XXD_HZ_RELATIONSHIP_INFORMATION_INQUIRY_DUTY_FSCM ...
Jul 15, 2024 10:05:59 AM UTC:     FA -> PS : 0 -> 0
Jul 15, 2024 10:05:59 AM UTC:     PS -> FA : 0 -> 0
Jul 15, 2024 10:05:59 AM UTC:   Synchronizing memberships for XXD_IBY_DISBURSEMENT_DATA_MANAGEMENT_DUTY ...
Jul 15, 2024 10:05:59 AM UTC:     FA -> PS : 0 -> 0
Jul 15, 2024 10:05:59 AM UTC:     PS -> FA : 0 -> 0
Jul 15, 2024 10:05:59 AM UTC:   Synchronizing memberships for XXD_POR_REQUISITION_VIEWING_AS_ADMIN_DUTY ...
Jul 15, 2024 10:05:59 AM UTC:     FA -> PS : 0 -> 0
Jul 15, 2024 10:05:59 AM UTC:     PS -> FA : 0 -> 0
Jul 15, 2024 10:05:59 AM UTC:   Synchronizing memberships for XXD_PO_POPA_ATTACH_INQUIRY_AS_PAYABLES_DUTY ...
Jul 15, 2024 10:05:59 AM UTC:     FA -> PS : 0 -> 0
Jul 15, 2024 10:05:59 AM UTC:     PS -> FA : 0 -> 0
Jul 15, 2024 10:05:59 AM UTC:   Synchronizing memberships for XXD_PO_PO_OVERVIEW_DUTY ...
Jul 15, 2024 10:05:59 AM UTC:     FA -> PS : 0 -> 0
Jul 15, 2024 10:05:59 AM UTC:     PS -> FA : 0 -> 0
Jul 15, 2024 10:05:59 AM UTC:   Synchronizing memberships for XXD_PO_SPO_VIEW_DUTY ...
Jul 15, 2024 10:05:59 AM UTC:     FA -> PS : 0 -> 0
Jul 15, 2024 10:05:59 AM UTC:     PS -> FA : 0 -> 0
Jul 15, 2024 10:05:59 AM UTC:   Synchronizing memberships for XXD_RCV_REVIEW_RECEIPT_SUMMARY_DUTY ...
Jul 15, 2024 10:05:59 AM UTC:     FA -> PS : 0 -> 0
Jul 15, 2024 10:05:59 AM UTC:     PS -> FA : 0 -> 0
Jul 15, 2024 10:05:59 AM UTC:   Synchronizing memberships for ZV_AP_View_Only_Role ...
Jul 15, 2024 10:05:59 AM UTC:     FA -> PS : 5 -> 5
Jul 15, 2024 10:05:59 AM UTC:     PS -> FA : 5 -> 5
Jul 15, 2024 10:05:59 AM UTC:   Synchronizing memberships for ORA_PSC_PRINCIPAL_PLANNER_JOB ...
Jul 15, 2024 10:05:59 AM UTC:     FA -> PS : 0 -> 0
Jul 15, 2024 10:05:59 AM UTC:     PS -> FA : 0 -> 0
Jul 15, 2024 10:05:59 AM UTC:   Synchronizing memberships for ORA_ZPM_PARTNER_SALES_MANAGER_JOB ...
Jul 15, 2024 10:05:59 AM UTC:     FA -> PS : 0 -> 0
Jul 15, 2024 10:05:59 AM UTC:     PS -> FA : 0 -> 0
Jul 15, 2024 10:05:59 AM UTC:   Synchronizing memberships for ORA_FND_BUSINESS_FLOW_TROUBLESHOOTING_ABSTRACT ...
Jul 15, 2024 10:05:59 AM UTC:     FA -> PS : 0 -> 0
Jul 15, 2024 10:05:59 AM UTC:     PS -> FA : 0 -> 0
Jul 15, 2024 10:05:59 AM UTC:   Synchronizing memberships for ORA_ZPM_CHANNEL_ACCOUNT_MANAGER_JOB ...
Jul 15, 2024 10:05:59 AM UTC:     FA -> PS : 0 -> 0
Jul 15, 2024 10:05:59 AM UTC:     PS -> FA : 0 -> 0
Jul 15, 2024 10:05:59 AM UTC:   Synchronizing memberships for ORA_ZX_TAX_SPECIALIST_JOB ...
Jul 15, 2024 10:05:59 AM UTC:     FA -> PS : 3 -> 3
Jul 15, 2024 10:05:59 AM UTC:     PS -> FA : 3 -> 3
Jul 15, 2024 10:05:59 AM UTC:   Synchronizing memberships for ORA_ZPM_CHANNEL_OPERATIONS_MANAGER_JOB ...
Jul 15, 2024 10:05:59 AM UTC:     FA -> PS : 0 -> 0
Jul 15, 2024 10:05:59 AM UTC:     PS -> FA : 0 -> 0
Jul 15, 2024 10:05:59 AM UTC:   Synchronizing memberships for ORA_PON_SUPPLIER_BIDDER_ABSTRACT ...
Jul 15, 2024 10:05:59 AM UTC:     FA -> PS : 0 -> 0
Jul 15, 2024 10:05:59 AM UTC:     PS -> FA : 0 -> 0
Jul 15, 2024 10:05:59 AM UTC:   Synchronizing memberships for ORA_ZPM_PARTNER_SALES_REPRESENTATIVE_JOB ...
Jul 15, 2024 10:05:59 AM UTC:     FA -> PS : 0 -> 0
Jul 15, 2024 10:05:59 AM UTC:     PS -> FA : 0 -> 0
Jul 15, 2024 10:05:59 AM UTC:   Synchronizing memberships for ORA_MKT_MARKETING_OPERATIONS_MANAGER_JOB ...
Jul 15, 2024 10:05:59 AM UTC:     FA -> PS : 0 -> 0
Jul 15, 2024 10:05:59 AM UTC:     PS -> FA : 0 -> 0
Jul 15, 2024 10:05:59 AM UTC:   Synchronizing memberships for ORA_VCS_VENDOR_MANAGED_INVENTORY_ANALYST_JOB ...
Jul 15, 2024 10:05:59 AM UTC:     FA -> PS : 0 -> 0
Jul 15, 2024 10:05:59 AM UTC:     PS -> FA : 0 -> 0
Jul 15, 2024 10:05:59 AM UTC:   Synchronizing memberships for ORA_CN_INCENTIVE_COMPENSATION_PARTICIPANT_MANAGER_ABSTRACT ...
Jul 15, 2024 10:05:59 AM UTC:     FA -> PS : 0 -> 0
Jul 15, 2024 10:05:59 AM UTC:     PS -> FA : 0 -> 0
Jul 15, 2024 10:05:59 AM UTC:   Synchronizing memberships for ORA_ZBS_SALES_REPRESENTATIVE_JOB ...
Jul 15, 2024 10:05:59 AM UTC:     FA -> PS : 1 -> 1
Jul 15, 2024 10:05:59 AM UTC:     PS -> FA : 1 -> 1
Jul 15, 2024 10:05:59 AM UTC:   Synchronizing memberships for ORA_SYNC_ENABLED_USER_ABSTRACT ...
Jul 15, 2024 10:05:59 AM UTC:     FA -> PS : 0 -> 0
Jul 15, 2024 10:05:59 AM UTC:     PS -> FA : 0 -> 0
Jul 15, 2024 10:05:59 AM UTC:   Synchronizing memberships for ORA_ENQ_SUPPLIER_QUALITY_ENGINEER_JOB ...
Jul 15, 2024 10:05:59 AM UTC:     FA -> PS : 0 -> 0
Jul 15, 2024 10:05:59 AM UTC:     PS -> FA : 0 -> 0
Jul 15, 2024 10:05:59 AM UTC:   Synchronizing memberships for ORA_UER_UTILITIES_KEY_ACCOUNT_SUPERVISOR_FOR_SERVICE_JOB ...
Jul 15, 2024 10:05:59 AM UTC:     FA -> PS : 0 -> 0
Jul 15, 2024 10:05:59 AM UTC:     PS -> FA : 0 -> 0
Jul 15, 2024 10:05:59 AM UTC:   Synchronizing memberships for ORA_MSC_BACKLOG_MANAGER_JOB ...
Jul 15, 2024 10:05:59 AM UTC:     FA -> PS : 0 -> 0
Jul 15, 2024 10:05:59 AM UTC:     PS -> FA : 0 -> 0
Jul 15, 2024 10:05:59 AM UTC:   Synchronizing memberships for ORA_POI_PROCUREMENT_DATA_ANALYST_ABSTRACT ...
Jul 15, 2024 10:05:59 AM UTC:     FA -> PS : 0 -> 0
Jul 15, 2024 10:05:59 AM UTC:     PS -> FA : 0 -> 0
Jul 15, 2024 10:05:59 AM UTC:   Synchronizing memberships for ORA_INV_INVENTORY_MANAGER_JOB ...
Jul 15, 2024 10:05:59 AM UTC:     FA -> PS : 79 -> 79
Jul 15, 2024 10:05:59 AM UTC:     PS -> FA : 79 -> 79
Jul 15, 2024 10:05:59 AM UTC:   Synchronizing memberships for CUSTOM_PSC_APPLY_PRGCE_PROGRAM ...
Jul 15, 2024 10:05:59 AM UTC:     FA -> PS : 0 -> 0
Jul 15, 2024 10:05:59 AM UTC:     PS -> FA : 0 -> 0
Jul 15, 2024 10:05:59 AM UTC:   Synchronizing memberships for ORA_SVC_ENGAGEMENT_CHANNEL_SUPERVISOR_JOB ...
Jul 15, 2024 10:05:59 AM UTC:     FA -> PS : 0 -> 0
Jul 15, 2024 10:05:59 AM UTC:     PS -> FA : 0 -> 0
Jul 15, 2024 10:05:59 AM UTC:   Synchronizing memberships for ORA_RCL_DEPOT_REPAIR_MANAGER_JOB ...
Jul 15, 2024 10:05:59 AM UTC:     FA -> PS : 0 -> 1
Jul 15, 2024 10:05:59 AM UTC:     PS -> FA : 1 -> 0
Jul 15, 2024 10:05:59 AM UTC:   Synchronizing memberships for ORA_ARB_CUSTOMER_ACCOUNT_BILLING_INQUIRY_DISCRETIONARY ...
Jul 15, 2024 10:05:59 AM UTC:     FA -> PS : 0 -> 0
Jul 15, 2024 10:05:59 AM UTC:     PS -> FA : 0 -> 0
Jul 15, 2024 10:05:59 AM UTC:   Synchronizing memberships for ORA_PER_EX_WORKER_ABSTRACT ...
Jul 15, 2024 10:05:59 AM UTC:     FA -> PS : 0 -> 0
Jul 15, 2024 10:05:59 AM UTC:     PS -> FA : 0 -> 0
Jul 15, 2024 10:05:59 AM UTC:   Synchronizing memberships for ORA_EDR_COMPLIANCE_BUSINESS_ANALYST_JOB ...
Jul 15, 2024 10:05:59 AM UTC:     FA -> PS : 0 -> 0
Jul 15, 2024 10:05:59 AM UTC:     PS -> FA : 0 -> 0
Jul 15, 2024 10:05:59 AM UTC:   Synchronizing memberships for ORA_ZBS_SALES_ADMINISTRATOR_JOB ...
Jul 15, 2024 10:06:00 AM UTC:     FA -> PS : 1 -> 2
Jul 15, 2024 10:06:00 AM UTC:     PS -> FA : 2 -> 1
Jul 15, 2024 10:06:00 AM UTC:   Synchronizing memberships for CUSTOM_PSC_MANAGE_PERMITS_HFP ...
Jul 15, 2024 10:06:00 AM UTC:     FA -> PS : 0 -> 0
Jul 15, 2024 10:06:00 AM UTC:     PS -> FA : 0 -> 0
Jul 15, 2024 10:06:00 AM UTC:   Synchronizing memberships for ORA_PJF_PROJECT_MANAGER_JOB ...
Jul 15, 2024 10:06:00 AM UTC:     FA -> PS : 0 -> 0
Jul 15, 2024 10:06:00 AM UTC:     PS -> FA : 0 -> 0
Jul 15, 2024 10:06:00 AM UTC:   Synchronizing memberships for ORA_PSC_CODE_ENFORCEMENT_SUPERVISOR_JOB ...
Jul 15, 2024 10:06:00 AM UTC:     FA -> PS : 0 -> 0
Jul 15, 2024 10:06:00 AM UTC:     PS -> FA : 0 -> 0
Jul 15, 2024 10:06:00 AM UTC:   Synchronizing memberships for ORA_FUN_FINANCIAL_INTEGRATION_SPECIALIST_JOB ...
Jul 15, 2024 10:06:00 AM UTC:     FA -> PS : 0 -> 0
Jul 15, 2024 10:06:00 AM UTC:     PS -> FA : 0 -> 0
Jul 15, 2024 10:06:00 AM UTC:   Synchronizing memberships for ORA_CN_INCENTIVE_COMPENSATION_ANALYST_JOB ...
Jul 15, 2024 10:06:00 AM UTC:     FA -> PS : 0 -> 0
Jul 15, 2024 10:06:00 AM UTC:     PS -> FA : 0 -> 0
Jul 15, 2024 10:06:00 AM UTC:   Synchronizing memberships for ORA_SVC_DIGITAL_CALL_CENTER_AGENT_ABSTRACT ...
Jul 15, 2024 10:06:00 AM UTC:     FA -> PS : 0 -> 0
Jul 15, 2024 10:06:00 AM UTC:     PS -> FA : 0 -> 0
Jul 15, 2024 10:06:00 AM UTC:   Synchronizing memberships for ORA_PJF_GRANTS_ADMINISTRATOR_JOB ...
Jul 15, 2024 10:06:00 AM UTC:     FA -> PS : 0 -> 0
Jul 15, 2024 10:06:00 AM UTC:     PS -> FA : 0 -> 0
Jul 15, 2024 10:06:00 AM UTC:   Synchronizing memberships for ORA_ENQ_PRODUCT_RECALL_MANAGER_JOB ...
Jul 15, 2024 10:06:00 AM UTC:     FA -> PS : 0 -> 0
Jul 15, 2024 10:06:00 AM UTC:     PS -> FA : 0 -> 0
Jul 15, 2024 10:06:00 AM UTC:   Synchronizing memberships for ORA_PSC_BUSINESS_LICENSE_MANAGER_JOB ...
Jul 15, 2024 10:06:00 AM UTC:     FA -> PS : 0 -> 0
Jul 15, 2024 10:06:00 AM UTC:     PS -> FA : 0 -> 0
Jul 15, 2024 10:06:00 AM UTC:   Synchronizing memberships for ORA_HXT_TIME_AND_LABOR_ADMINISTRATOR_JOB ...
Jul 15, 2024 10:06:00 AM UTC:     FA -> PS : 0 -> 0
Jul 15, 2024 10:06:00 AM UTC:     PS -> FA : 0 -> 0
Jul 15, 2024 10:06:00 AM UTC:   Synchronizing memberships for ORA_AP_ACCOUNTS_PAYABLE_MANAGER_JOB ...
Jul 15, 2024 10:06:00 AM UTC:     FA -> PS : 60 -> 60
Jul 15, 2024 10:06:00 AM UTC:     PS -> FA : 60 -> 60
Jul 15, 2024 10:06:00 AM UTC:   Synchronizing memberships for ORA_CSO_KNOWLEDGE_MANAGER_JOB ...
Jul 15, 2024 10:06:00 AM UTC:     FA -> PS : 0 -> 0
Jul 15, 2024 10:06:00 AM UTC:     PS -> FA : 0 -> 0
Jul 15, 2024 10:06:00 AM UTC:   Synchronizing memberships for CUSTOM_PSC_APPLY_PERMITS_DATA ...
Jul 15, 2024 10:06:00 AM UTC:     FA -> PS : 0 -> 0
Jul 15, 2024 10:06:00 AM UTC:     PS -> FA : 0 -> 0
Jul 15, 2024 10:06:00 AM UTC:   Synchronizing memberships for ORA_HEQ_ADMISSIONS_COORDINATOR_JOB ...
Jul 15, 2024 10:06:00 AM UTC:     FA -> PS : 0 -> 0
Jul 15, 2024 10:06:00 AM UTC:     PS -> FA : 0 -> 0
Jul 15, 2024 10:06:00 AM UTC:   Synchronizing memberships for ORA_PSC_CHIEF_BUILDING_OFFICER_JOB ...
Jul 15, 2024 10:06:00 AM UTC:     FA -> PS : 0 -> 0
Jul 15, 2024 10:06:00 AM UTC:     PS -> FA : 0 -> 0
Jul 15, 2024 10:06:00 AM UTC:   Synchronizing memberships for ORA_PER_LINE_MANAGER_ABSTRACT ...
Jul 15, 2024 10:06:00 AM UTC:     FA -> PS : 0 -> 0
Jul 15, 2024 10:06:00 AM UTC:     PS -> FA : 0 -> 0
Jul 15, 2024 10:06:00 AM UTC:   Synchronizing memberships for ORA_QP_PRICING_MANAGER_JOB ...
Jul 15, 2024 10:06:00 AM UTC:     FA -> PS : 19 -> 19
Jul 15, 2024 10:06:00 AM UTC:     PS -> FA : 19 -> 19
Jul 15, 2024 10:06:00 AM UTC:   Synchronizing memberships for ORA_AR_CREDIT_MANAGER_JOB ...
Jul 15, 2024 10:06:00 AM UTC:     FA -> PS : 10 -> 10
Jul 15, 2024 10:06:00 AM UTC:     PS -> FA : 10 -> 10
Jul 15, 2024 10:06:00 AM UTC:   Synchronizing memberships for CUSTOM_PSC_MANAGE_CE_AGENCY ...
Jul 15, 2024 10:06:00 AM UTC:     FA -> PS : 0 -> 0
Jul 15, 2024 10:06:00 AM UTC:     PS -> FA : 0 -> 0
Jul 15, 2024 10:06:00 AM UTC:   Synchronizing memberships for ORA_WSH_SHIPPING_AGENT_JOB ...
Jul 15, 2024 10:06:00 AM UTC:     FA -> PS : 48 -> 48
Jul 15, 2024 10:06:00 AM UTC:     PS -> FA : 48 -> 48
Jul 15, 2024 10:06:00 AM UTC:   Synchronizing memberships for ORA_AP_ACCOUNTS_PAYABLE_PAYMENT_SUPERVISOR_JOB ...
Jul 15, 2024 10:06:00 AM UTC:     FA -> PS : 12 -> 12
Jul 15, 2024 10:06:00 AM UTC:     PS -> FA : 12 -> 12
Jul 15, 2024 10:06:00 AM UTC:   Synchronizing memberships for ORA_CN_INCENTIVE_COMPENSATION_MANAGER_JOB ...
Jul 15, 2024 10:06:00 AM UTC:     FA -> PS : 0 -> 0
Jul 15, 2024 10:06:00 AM UTC:     PS -> FA : 0 -> 0
Jul 15, 2024 10:06:00 AM UTC:   Synchronizing memberships for ORA_HHR_CORPORATE_SOCIAL_RESPONSIBILITY_MANAGER_JOB ...
Jul 15, 2024 10:06:00 AM UTC:     FA -> PS : 0 -> 0
Jul 15, 2024 10:06:00 AM UTC:     PS -> FA : 0 -> 0
Jul 15, 2024 10:06:00 AM UTC:   Synchronizing memberships for ORA_PJF_LABOR_DISTRIBUTION_ADMINISTRATOR_DISCRETIONARY ...
Jul 15, 2024 10:06:00 AM UTC:     FA -> PS : 0 -> 0
Jul 15, 2024 10:06:00 AM UTC:     PS -> FA : 0 -> 0
Jul 15, 2024 10:06:00 AM UTC:   Synchronizing memberships for ORA_PJF_LABOR_DISTRIBUTION_ACCOUNTANT_DISCRETIONARY ...
Jul 15, 2024 10:06:00 AM UTC:     FA -> PS : 0 -> 0
Jul 15, 2024 10:06:00 AM UTC:     PS -> FA : 0 -> 0
Jul 15, 2024 10:06:00 AM UTC:   Synchronizing memberships for ORA_GL_GENERAL_ACCOUNTANT_JOB ...
Jul 15, 2024 10:06:00 AM UTC:     FA -> PS : 26 -> 26
Jul 15, 2024 10:06:00 AM UTC:     PS -> FA : 26 -> 26
Jul 15, 2024 10:06:00 AM UTC:   Synchronizing memberships for ORA_IRC_HIRING_MANAGER_ABSTRACT ...
Jul 15, 2024 10:06:00 AM UTC:     FA -> PS : 0 -> 0
Jul 15, 2024 10:06:00 AM UTC:     PS -> FA : 0 -> 0
Jul 15, 2024 10:06:00 AM UTC:   Synchronizing memberships for ORA_PJF_RESOURCE_MANAGER_JOB ...
Jul 15, 2024 10:06:00 AM UTC:     FA -> PS : 0 -> 0
Jul 15, 2024 10:06:00 AM UTC:     PS -> FA : 0 -> 0
Jul 15, 2024 10:06:00 AM UTC:   Synchronizing memberships for ORA_ZBS_INSIDE_SALES_REPRESENTATIVE_JOB ...
Jul 15, 2024 10:06:00 AM UTC:     FA -> PS : 0 -> 0
Jul 15, 2024 10:06:00 AM UTC:     PS -> FA : 0 -> 0
Jul 15, 2024 10:06:00 AM UTC:   Synchronizing memberships for ORA_FND_DIAG_VIEWER_JOB ...
Jul 15, 2024 10:06:00 AM UTC:     FA -> PS : 0 -> 0
Jul 15, 2024 10:06:00 AM UTC:     PS -> FA : 0 -> 0
Jul 15, 2024 10:06:00 AM UTC:   Synchronizing memberships for ORA_LOY_LOYALTY_PROGRAM_ADMINISTRATOR_JOB ...
Jul 15, 2024 10:06:00 AM UTC:     FA -> PS : 0 -> 0
Jul 15, 2024 10:06:00 AM UTC:     PS -> FA : 0 -> 0
Jul 15, 2024 10:06:00 AM UTC:   Synchronizing memberships for ORA_HEQ_APPLICANT_JOB ...
Jul 15, 2024 10:06:01 AM UTC:     FA -> PS : 0 -> 0
Jul 15, 2024 10:06:01 AM UTC:     PS -> FA : 0 -> 0
Jul 15, 2024 10:06:01 AM UTC:   Synchronizing memberships for CUSTOM_PSC_MANAGE_CE_ADMIN ...
Jul 15, 2024 10:06:01 AM UTC:     FA -> PS : 0 -> 0
Jul 15, 2024 10:06:01 AM UTC:     PS -> FA : 0 -> 0
Jul 15, 2024 10:06:01 AM UTC:   Synchronizing memberships for ORA_HRY_PAYROLL_COORDINATOR_JOB ...
Jul 15, 2024 10:06:01 AM UTC:     FA -> PS : 0 -> 0
Jul 15, 2024 10:06:01 AM UTC:     PS -> FA : 0 -> 0
Jul 15, 2024 10:06:01 AM UTC:   Synchronizing memberships for ORA_FUN_ERP_SELF_SERVICE_USER_ABSTRACT ...
Jul 15, 2024 10:06:01 AM UTC:     FA -> PS : 0 -> 0
Jul 15, 2024 10:06:01 AM UTC:     PS -> FA : 0 -> 0
Jul 15, 2024 10:06:01 AM UTC:   Synchronizing memberships for CUSTOM_PSC_VIEW_PERMITS ...
Jul 15, 2024 10:06:01 AM UTC:     FA -> PS : 0 -> 0
Jul 15, 2024 10:06:01 AM UTC:     PS -> FA : 0 -> 0
Jul 15, 2024 10:06:01 AM UTC:   Synchronizing memberships for ORA_CJM_SUPPLIER_CHANNEL_MANAGER_JOB ...
Jul 15, 2024 10:06:01 AM UTC:     FA -> PS : 0 -> 0
Jul 15, 2024 10:06:01 AM UTC:     PS -> FA : 0 -> 0
Jul 15, 2024 10:06:01 AM UTC:   Synchronizing memberships for ORA_IRC_RECRUITING_AGENT_JOB ...
Jul 15, 2024 10:06:01 AM UTC:     FA -> PS : 0 -> 0
Jul 15, 2024 10:06:01 AM UTC:     PS -> FA : 0 -> 0
Jul 15, 2024 10:06:01 AM UTC:   Synchronizing memberships for ORA_HRC_HUMAN_CAPITAL_MANAGEMENT_INTEGRATION_SPECIALIST_JOB ...
Jul 15, 2024 10:06:01 AM UTC:     FA -> PS : 2 -> 2
Jul 15, 2024 10:06:01 AM UTC:     PS -> FA : 2 -> 2
Jul 15, 2024 10:06:01 AM UTC:   Synchronizing memberships for ORA_UER_UTILITIES_CUSTOMER_SERVICE_MANAGER_JOB ...
Jul 15, 2024 10:06:01 AM UTC:     FA -> PS : 0 -> 0
Jul 15, 2024 10:06:01 AM UTC:     PS -> FA : 0 -> 0
Jul 15, 2024 10:06:01 AM UTC:   Synchronizing memberships for ORA_CMP_COMPENSATION_SPECIALIST_JOB ...
Jul 15, 2024 10:06:01 AM UTC:     FA -> PS : 0 -> 0
Jul 15, 2024 10:06:01 AM UTC:     PS -> FA : 0 -> 0
Jul 15, 2024 10:06:01 AM UTC:   Synchronizing memberships for XXD_PRODUCTION_NON_STD_WO ...
Jul 15, 2024 10:06:01 AM UTC:     FA -> PS : 4 -> 4
Jul 15, 2024 10:06:01 AM UTC:     PS -> FA : 4 -> 4
Jul 15, 2024 10:06:01 AM UTC:   Synchronizing memberships for ORA_OIA_INTERVIEW_DEFINITION_AUTHOR_JOB ...
Jul 15, 2024 10:06:01 AM UTC:     FA -> PS : 0 -> 0
Jul 15, 2024 10:06:01 AM UTC:     PS -> FA : 0 -> 0
Jul 15, 2024 10:06:01 AM UTC:   Synchronizing memberships for ORA_HTS_WORKFORCE_SCHEDULE_MANAGER_JOB ...
Jul 15, 2024 10:06:01 AM UTC:     FA -> PS : 0 -> 0
Jul 15, 2024 10:06:01 AM UTC:     PS -> FA : 0 -> 0
Jul 15, 2024 10:06:01 AM UTC:   Synchronizing memberships for ORA_JG_FISCAL_DOCUMENT_GENERATION_DISCRETIONARY ...
Jul 15, 2024 10:06:01 AM UTC:     FA -> PS : 0 -> 0
Jul 15, 2024 10:06:01 AM UTC:     PS -> FA : 0 -> 0
Jul 15, 2024 10:06:01 AM UTC:   Synchronizing memberships for ORA_OIA_INTERVIEW_DEFINITION_VIEWER_JOB ...
Jul 15, 2024 10:06:01 AM UTC:     FA -> PS : 0 -> 0
Jul 15, 2024 10:06:01 AM UTC:     PS -> FA : 0 -> 0
Jul 15, 2024 10:06:01 AM UTC:   Synchronizing memberships for ORA_OIA_INTERVIEW_DEFINITION_MANAGER_JOB ...
Jul 15, 2024 10:06:01 AM UTC:     FA -> PS : 0 -> 0
Jul 15, 2024 10:06:01 AM UTC:     PS -> FA : 0 -> 0
Jul 15, 2024 10:06:01 AM UTC:   Synchronizing memberships for ORA_OIA_INTERVIEW_DEFINITION_PUBLISHER_JOB ...
Jul 15, 2024 10:06:01 AM UTC:     FA -> PS : 0 -> 0
Jul 15, 2024 10:06:01 AM UTC:     PS -> FA : 0 -> 0
Jul 15, 2024 10:06:01 AM UTC:   Synchronizing memberships for ORA_HTS_WORKFORCE_SCHEDULE_ADMINISTRATOR_JOB ...
Jul 15, 2024 10:06:01 AM UTC:     FA -> PS : 0 -> 0
Jul 15, 2024 10:06:01 AM UTC:     PS -> FA : 0 -> 0
Jul 15, 2024 10:06:01 AM UTC:   Synchronizing memberships for XXD_ASM_FUNCTIONAL_SETUPS_USER_ABSTRACT ...
Jul 15, 2024 10:06:01 AM UTC:     FA -> PS : 0 -> 0
Jul 15, 2024 10:06:01 AM UTC:     PS -> FA : 0 -> 0
Jul 15, 2024 10:06:01 AM UTC:   Synchronizing memberships for XXD_ZX_TAX_ADMINISTRATOR_JOB ...
Jul 15, 2024 10:06:01 AM UTC:     FA -> PS : 1 -> 1
Jul 15, 2024 10:06:01 AM UTC:     PS -> FA : 1 -> 1
Jul 15, 2024 10:06:01 AM UTC:   Synchronizing memberships for ORA_FV_FEDERAL_YEAR_END_CLOSE_MANAGER_JOB ...
Jul 15, 2024 10:06:01 AM UTC:     FA -> PS : 0 -> 0
Jul 15, 2024 10:06:01 AM UTC:     PS -> FA : 0 -> 0
Jul 15, 2024 10:06:01 AM UTC:   Synchronizing memberships for ORA_INV_HEALTHCARE_INVENTORY_SPECIALIST_JOB ...
Jul 15, 2024 10:06:01 AM UTC:     FA -> PS : 0 -> 0
Jul 15, 2024 10:06:01 AM UTC:     PS -> FA : 0 -> 0
Jul 15, 2024 10:06:01 AM UTC:   Synchronizing memberships for ORA_FAI_ARTIFICIAL_INTELLIGENCE_INTEGRATION_WITH_FUSION_APPLICATIONS_DISCRETIONARY ...
Jul 15, 2024 10:06:01 AM UTC:     FA -> PS : 0 -> 0
Jul 15, 2024 10:06:01 AM UTC:     PS -> FA : 0 -> 0
Jul 15, 2024 10:06:01 AM UTC:   Synchronizing memberships for BI_Custom ...
Jul 15, 2024 10:06:01 AM UTC:     FA -> PS : 9 -> 9
Jul 15, 2024 10:06:01 AM UTC:     PS -> FA : 9 -> 9
Jul 15, 2024 10:06:01 AM UTC:   Synchronizing memberships for ORA_GTG_RISK_MANAGEMENT_PARTICIPANT_JOB ...
Jul 15, 2024 10:06:01 AM UTC:     FA -> PS : 0 -> 0
Jul 15, 2024 10:06:01 AM UTC:     PS -> FA : 0 -> 0
Jul 15, 2024 10:06:01 AM UTC:   Synchronizing memberships for ORA_PJF_LABOR_DISTRIBUTION_MANAGER_DISCRETIONARY ...
Jul 15, 2024 10:06:01 AM UTC:     FA -> PS : 0 -> 0
Jul 15, 2024 10:06:01 AM UTC:     PS -> FA : 0 -> 0
Jul 15, 2024 10:06:01 AM UTC:   Synchronizing memberships for ORA_SVC_ENGAGE_ADAPTER_INTEGRATOR_ABSTRACT ...
Jul 15, 2024 10:06:01 AM UTC:     FA -> PS : 0 -> 0
Jul 15, 2024 10:06:01 AM UTC:     PS -> FA : 0 -> 0
Jul 15, 2024 10:06:01 AM UTC:   Synchronizing memberships for XXD_INVENTORY_INQUIRY ...
Jul 15, 2024 10:06:01 AM UTC:     FA -> PS : 2 -> 2
Jul 15, 2024 10:06:01 AM UTC:     PS -> FA : 2 -> 2
Jul 15, 2024 10:06:01 AM UTC:   Synchronizing memberships for ESS_MONITOR_PROCESSES ...
Jul 15, 2024 10:06:01 AM UTC:     FA -> PS : 2 -> 2
Jul 15, 2024 10:06:01 AM UTC:     PS -> FA : 2 -> 2
Jul 15, 2024 10:06:01 AM UTC:   Synchronizing memberships for CUSTOM_PSC_MANAGE_PERMITS_ADMIN ...
Jul 15, 2024 10:06:01 AM UTC:     FA -> PS : 0 -> 0
Jul 15, 2024 10:06:01 AM UTC:     PS -> FA : 0 -> 0
Jul 15, 2024 10:06:01 AM UTC:   Synchronizing memberships for ORA_CEL_WORKFORCE_RECOGNITION_AND_AWARD_PROGRAM_ADMINISTRATOR_JOB ...
Jul 15, 2024 10:06:01 AM UTC:     FA -> PS : 0 -> 0
Jul 15, 2024 10:06:01 AM UTC:     PS -> FA : 0 -> 0
Jul 15, 2024 10:06:01 AM UTC:   Synchronizing memberships for CUSTOM_PSC_MANAGE_PNZ_ADMIN ...
Jul 15, 2024 10:06:01 AM UTC:     FA -> PS : 0 -> 0
Jul 15, 2024 10:06:01 AM UTC:     PS -> FA : 0 -> 0
Jul 15, 2024 10:06:01 AM UTC:   Before Membership Sync ... 
Jul 15, 2024 10:06:01 AM UTC:     Active Roles in FA: 458
Jul 15, 2024 10:06:01 AM UTC:     Total Memberships in FA: 3714
Jul 15, 2024 10:06:01 AM UTC:       Active: 3713, Inactive: 1
Jul 15, 2024 10:06:01 AM UTC:       Auto: 0, Manual: 3694, External: 20
Jul 15, 2024 10:06:01 AM UTC:     Total Memberships in Policy Store: 3722
Jul 15, 2024 10:06:01 AM UTC:   Membership Sync Summary ... 
Jul 15, 2024 10:06:01 AM UTC:     Memberships Activated: 0
Jul 15, 2024 10:06:01 AM UTC:     Memberships Created: 0
Jul 15, 2024 10:06:01 AM UTC:     Memberships Deleted: 0
Jul 15, 2024 10:06:01 AM UTC:     Memberships InActivated: 0
Jul 15, 2024 10:06:01 AM UTC:       Inactivated since no role in FA: 0
Jul 15, 2024 10:06:01 AM UTC:       Inactivated since no user in FA: 0
Jul 15, 2024 10:06:01 AM UTC:     Memberships in PS whose sync was skipped since no user in FA: 9
Jul 15, 2024 10:06:01 AM UTC:   Roles Updated Summary...
Jul 15, 2024 10:06:01 AM UTC:     Roles FA -> PS: 0
Jul 15, 2024 10:06:01 AM UTC:     Roles PS -> FA: 0
Jul 15, 2024 10:06:01 AM UTC: syncUserHistoryInsert stmt_execute returned: false
Jul 15, 2024 10:06:01 AM UTC: syncUserHistoryUpdate stmt_execute returned: false
